<?xml version="1.0" encoding="utf-8"?>
<outputLog>
  <ApplicationId>128eb9d5-9eff-4897-8ef9-090233fc8498</ApplicationId>
  <FileLogs>
    <FileLog>
      <CorrelationId>Intent.VisualStudio.Projects.VisualStudio2015Solution#53dc13b7-753c-4ff6-9a97-e89aa8c474a7</CorrelationId>
      <OverwriteBehaviour>always</OverwriteBehaviour>
      <ApplicationRelativeFilePath>../../CustomerBankAccountManagement.sln</ApplicationRelativeFilePath>
      <IsIgnored>false</IsIgnored>
    </FileLog>
    <FileLog>
      <ProjectId>2a39a877-be7a-4975-a8a4-c072d6219494</ProjectId>
      <CorrelationId>Intent.VisualStudio.Projects.CoreWeb.AppSettings-Default#2a39a877-be7a-4975-a8a4-c072d6219494</CorrelationId>
      <OverwriteBehaviour>always</OverwriteBehaviour>
      <ApplicationRelativeFilePath>../../CustomerBankingService.Api/appsettings.json</ApplicationRelativeFilePath>
      <ProjectRelativeFilePath>appsettings.json</ProjectRelativeFilePath>
      <IsIgnored>false</IsIgnored>
    </FileLog>
    <FileLog>
      <ProjectId>bb640d34-60f3-4208-b03d-46c635f94023</ProjectId>
      <CorrelationId>Intent.Security.JWT.ConfigurationJWTAuthentication</CorrelationId>
      <OverwriteBehaviour>always</OverwriteBehaviour>
      <ApplicationRelativeFilePath>../../CustomerBankingService.Api/Configuration/JWTAuthenticationConfiguration.cs</ApplicationRelativeFilePath>
      <ProjectRelativeFilePath>JWTAuthenticationConfiguration.cs</ProjectRelativeFilePath>
      <IsIgnored>false</IsIgnored>
    </FileLog>
    <FileLog>
      <ProjectId>bb640d34-60f3-4208-b03d-46c635f94023</ProjectId>
      <CorrelationId>Intent.AspNetCore.Swashbuckle.SwashbuckleConfiguration</CorrelationId>
      <OverwriteBehaviour>always</OverwriteBehaviour>
      <ApplicationRelativeFilePath>../../CustomerBankingService.Api/Configuration/SwashbuckleConfiguration.cs</ApplicationRelativeFilePath>
      <ProjectRelativeFilePath>SwashbuckleConfiguration.cs</ProjectRelativeFilePath>
      <IsIgnored>false</IsIgnored>
    </FileLog>
    <FileLog>
      <ProjectId>8d4db278-9475-4d3f-bdae-c4d3a70dfab0</ProjectId>
      <CorrelationId>Intent.AspNetCore.Controllers.Controller#dbb9d2a2-2291-4ca7-b785-93ecab7c0616</CorrelationId>
      <OverwriteBehaviour>always</OverwriteBehaviour>
      <ApplicationRelativeFilePath>../../CustomerBankingService.Api/Controllers/BankAccountsController.cs</ApplicationRelativeFilePath>
      <ProjectRelativeFilePath>BankAccountsController.cs</ProjectRelativeFilePath>
      <IsIgnored>false</IsIgnored>
    </FileLog>
    <FileLog>
      <ProjectId>8d4db278-9475-4d3f-bdae-c4d3a70dfab0</ProjectId>
      <CorrelationId>Intent.AspNetCore.Controllers.Controller#a254d83f-a136-4d24-91bf-49f9018d8406</CorrelationId>
      <OverwriteBehaviour>always</OverwriteBehaviour>
      <ApplicationRelativeFilePath>../../CustomerBankingService.Api/Controllers/BankCustomersController.cs</ApplicationRelativeFilePath>
      <ProjectRelativeFilePath>BankCustomersController.cs</ProjectRelativeFilePath>
      <IsIgnored>false</IsIgnored>
    </FileLog>
    <FileLog>
      <ProjectId>f8604da2-8d8c-4a07-bfc4-b77ff754926a</ProjectId>
      <CorrelationId>Intent.AspNetCore.Controllers.JsonResponse</CorrelationId>
      <OverwriteBehaviour>always</OverwriteBehaviour>
      <ApplicationRelativeFilePath>../../CustomerBankingService.Api/Controllers/ResponseTypes/JsonResponse.cs</ApplicationRelativeFilePath>
      <ProjectRelativeFilePath>JsonResponse.cs</ProjectRelativeFilePath>
      <IsIgnored>false</IsIgnored>
    </FileLog>
    <FileLog>
      <ProjectId>8d4db278-9475-4d3f-bdae-c4d3a70dfab0</ProjectId>
      <CorrelationId>Intent.AspNetCore.Controllers.Controller#525c3f09-007c-452c-817c-03e3ee643f75</CorrelationId>
      <OverwriteBehaviour>always</OverwriteBehaviour>
      <ApplicationRelativeFilePath>../../CustomerBankingService.Api/Controllers/TransferFundsController.cs</ApplicationRelativeFilePath>
      <ProjectRelativeFilePath>TransferFundsController.cs</ProjectRelativeFilePath>
      <IsIgnored>false</IsIgnored>
    </FileLog>
    <FileLog>
      <ProjectId>2a39a877-be7a-4975-a8a4-c072d6219494</ProjectId>
      <CorrelationId>Intent.VisualStudio.Projects.CSharpProject#2a39a877-be7a-4975-a8a4-c072d6219494</CorrelationId>
      <OverwriteBehaviour>always</OverwriteBehaviour>
      <ApplicationRelativeFilePath>../../CustomerBankingService.Api/CustomerBankingService.Api.csproj</ApplicationRelativeFilePath>
      <ProjectRelativeFilePath>CustomerBankingService.Api.csproj</ProjectRelativeFilePath>
      <IsIgnored>false</IsIgnored>
    </FileLog>
    <FileLog>
      <ProjectId>53e8af04-a584-4d0f-9ad3-a6b6711d097a</ProjectId>
      <CorrelationId>Intent.AspNetCore.Swashbuckle.AuthorizeCheckOperationFilter</CorrelationId>
      <OverwriteBehaviour>always</OverwriteBehaviour>
      <ApplicationRelativeFilePath>../../CustomerBankingService.Api/Filters/AuthorizeCheckOperationFilter.cs</ApplicationRelativeFilePath>
      <ProjectRelativeFilePath>AuthorizeCheckOperationFilter.cs</ProjectRelativeFilePath>
      <IsIgnored>false</IsIgnored>
    </FileLog>
    <FileLog>
      <ProjectId>2a39a877-be7a-4975-a8a4-c072d6219494</ProjectId>
      <CorrelationId>Intent.AspNetCore.Program</CorrelationId>
      <OverwriteBehaviour>always</OverwriteBehaviour>
      <ApplicationRelativeFilePath>../../CustomerBankingService.Api/Program.cs</ApplicationRelativeFilePath>
      <ProjectRelativeFilePath>Program.cs</ProjectRelativeFilePath>
      <IsIgnored>false</IsIgnored>
    </FileLog>
    <FileLog>
      <ProjectId>2a39a877-be7a-4975-a8a4-c072d6219494</ProjectId>
      <CorrelationId>Intent.VisualStudio.Projects.CoreWeb.LaunchSettings#2a39a877-be7a-4975-a8a4-c072d6219494</CorrelationId>
      <OverwriteBehaviour>always</OverwriteBehaviour>
      <ApplicationRelativeFilePath>../../CustomerBankingService.Api/Properties/launchsettings.json</ApplicationRelativeFilePath>
      <ProjectRelativeFilePath>Properties/launchsettings.json</ProjectRelativeFilePath>
      <IsIgnored>false</IsIgnored>
    </FileLog>
    <FileLog>
      <ProjectId>bee8ddf0-b38c-48a5-b165-6e0224a18e2c</ProjectId>
      <CorrelationId>Intent.Security.JWT.CurrentUserService</CorrelationId>
      <OverwriteBehaviour>always</OverwriteBehaviour>
      <ApplicationRelativeFilePath>../../CustomerBankingService.Api/Services/CurrentUserService.cs</ApplicationRelativeFilePath>
      <ProjectRelativeFilePath>CurrentUserService.cs</ProjectRelativeFilePath>
      <IsIgnored>false</IsIgnored>
    </FileLog>
    <FileLog>
      <ProjectId>2a39a877-be7a-4975-a8a4-c072d6219494</ProjectId>
      <CorrelationId>Intent.AspNetCore.Startup</CorrelationId>
      <OverwriteBehaviour>always</OverwriteBehaviour>
      <ApplicationRelativeFilePath>../../CustomerBankingService.Api/Startup.cs</ApplicationRelativeFilePath>
      <ProjectRelativeFilePath>Startup.cs</ProjectRelativeFilePath>
      <IsIgnored>false</IsIgnored>
    </FileLog>
    <FileLog>
      <ProjectId>51c46108-61ba-434a-85d2-f1bf00cbaa2d</ProjectId>
      <CorrelationId>Intent.Application.Dtos.DtoModel#44056493-d3e5-4a87-934e-b45bb3e0daf5</CorrelationId>
      <OverwriteBehaviour>always</OverwriteBehaviour>
      <ApplicationRelativeFilePath>../../CustomerBankingService.Application/BankAccounts/BankAccountBankTransactionHistoryDto.cs</ApplicationRelativeFilePath>
      <ProjectRelativeFilePath>BankAccounts/BankAccountBankTransactionHistoryDto.cs</ProjectRelativeFilePath>
      <IsIgnored>false</IsIgnored>
    </FileLog>
    <FileLog>
      <ProjectId>51c46108-61ba-434a-85d2-f1bf00cbaa2d</ProjectId>
      <CorrelationId>Intent.Application.Dtos.AutoMapper.MappingExtensions#44056493-d3e5-4a87-934e-b45bb3e0daf5</CorrelationId>
      <OverwriteBehaviour>always</OverwriteBehaviour>
      <ApplicationRelativeFilePath>../../CustomerBankingService.Application/BankAccounts/BankAccountBankTransactionHistoryDtoMappingExtensions.cs</ApplicationRelativeFilePath>
      <ProjectRelativeFilePath>BankAccounts/BankAccountBankTransactionHistoryDtoMappingExtensions.cs</ProjectRelativeFilePath>
      <IsIgnored>false</IsIgnored>
    </FileLog>
    <FileLog>
      <ProjectId>51c46108-61ba-434a-85d2-f1bf00cbaa2d</ProjectId>
      <CorrelationId>Intent.Application.Dtos.DtoModel#18b172d7-1183-4c8c-8be1-bd5d98f450c5</CorrelationId>
      <OverwriteBehaviour>always</OverwriteBehaviour>
      <ApplicationRelativeFilePath>../../CustomerBankingService.Application/BankAccounts/BankAccountDto.cs</ApplicationRelativeFilePath>
      <ProjectRelativeFilePath>BankAccounts/BankAccountDto.cs</ProjectRelativeFilePath>
      <IsIgnored>false</IsIgnored>
    </FileLog>
    <FileLog>
      <ProjectId>51c46108-61ba-434a-85d2-f1bf00cbaa2d</ProjectId>
      <CorrelationId>Intent.Application.Dtos.AutoMapper.MappingExtensions#18b172d7-1183-4c8c-8be1-bd5d98f450c5</CorrelationId>
      <OverwriteBehaviour>always</OverwriteBehaviour>
      <ApplicationRelativeFilePath>../../CustomerBankingService.Application/BankAccounts/BankAccountDtoMappingExtensions.cs</ApplicationRelativeFilePath>
      <ProjectRelativeFilePath>BankAccounts/BankAccountDtoMappingExtensions.cs</ProjectRelativeFilePath>
      <IsIgnored>false</IsIgnored>
    </FileLog>
    <FileLog>
      <ProjectId>51c46108-61ba-434a-85d2-f1bf00cbaa2d</ProjectId>
      <CorrelationId>Intent.Application.MediatR.QueryModels#4510279a-ab62-49f8-ab10-72dd0ecf5799</CorrelationId>
      <OverwriteBehaviour>always</OverwriteBehaviour>
      <ApplicationRelativeFilePath>../../CustomerBankingService.Application/BankAccounts/CheckBalance/CheckBalance.cs</ApplicationRelativeFilePath>
      <ProjectRelativeFilePath>BankAccounts/CheckBalance/CheckBalance.cs</ProjectRelativeFilePath>
      <IsIgnored>false</IsIgnored>
    </FileLog>
    <FileLog>
      <ProjectId>51c46108-61ba-434a-85d2-f1bf00cbaa2d</ProjectId>
      <CorrelationId>Intent.Application.MediatR.QueryHandler#4510279a-ab62-49f8-ab10-72dd0ecf5799</CorrelationId>
      <OverwriteBehaviour>always</OverwriteBehaviour>
      <ApplicationRelativeFilePath>../../CustomerBankingService.Application/BankAccounts/CheckBalance/CheckBalanceHandler.cs</ApplicationRelativeFilePath>
      <ProjectRelativeFilePath>BankAccounts/CheckBalance/CheckBalanceHandler.cs</ProjectRelativeFilePath>
      <IsIgnored>false</IsIgnored>
    </FileLog>
    <FileLog>
      <ProjectId>51c46108-61ba-434a-85d2-f1bf00cbaa2d</ProjectId>
      <CorrelationId>Intent.Application.MediatR.FluentValidation.QueryValidator#4510279a-ab62-49f8-ab10-72dd0ecf5799</CorrelationId>
      <OverwriteBehaviour>always</OverwriteBehaviour>
      <ApplicationRelativeFilePath>../../CustomerBankingService.Application/BankAccounts/CheckBalance/CheckBalanceValidator.cs</ApplicationRelativeFilePath>
      <ProjectRelativeFilePath>BankAccounts/CheckBalance/CheckBalanceValidator.cs</ProjectRelativeFilePath>
      <IsIgnored>false</IsIgnored>
    </FileLog>
    <FileLog>
      <ProjectId>51c46108-61ba-434a-85d2-f1bf00cbaa2d</ProjectId>
      <CorrelationId>Intent.Application.MediatR.CommandModels#fe4d933a-f2e2-4e5c-bdb5-d51eb8629612</CorrelationId>
      <OverwriteBehaviour>always</OverwriteBehaviour>
      <ApplicationRelativeFilePath>../../CustomerBankingService.Application/BankAccounts/CreateBankAccount/CreateBankAccountCommand.cs</ApplicationRelativeFilePath>
      <ProjectRelativeFilePath>BankAccounts/CreateBankAccount/CreateBankAccountCommand.cs</ProjectRelativeFilePath>
      <IsIgnored>false</IsIgnored>
    </FileLog>
    <FileLog>
      <ProjectId>51c46108-61ba-434a-85d2-f1bf00cbaa2d</ProjectId>
      <CorrelationId>Intent.Application.MediatR.CommandHandler#fe4d933a-f2e2-4e5c-bdb5-d51eb8629612</CorrelationId>
      <OverwriteBehaviour>always</OverwriteBehaviour>
      <ApplicationRelativeFilePath>../../CustomerBankingService.Application/BankAccounts/CreateBankAccount/CreateBankAccountCommandHandler.cs</ApplicationRelativeFilePath>
      <ProjectRelativeFilePath>BankAccounts/CreateBankAccount/CreateBankAccountCommandHandler.cs</ProjectRelativeFilePath>
      <IsIgnored>false</IsIgnored>
    </FileLog>
    <FileLog>
      <ProjectId>51c46108-61ba-434a-85d2-f1bf00cbaa2d</ProjectId>
      <CorrelationId>Intent.Application.MediatR.FluentValidation.CommandValidator#fe4d933a-f2e2-4e5c-bdb5-d51eb8629612</CorrelationId>
      <OverwriteBehaviour>always</OverwriteBehaviour>
      <ApplicationRelativeFilePath>../../CustomerBankingService.Application/BankAccounts/CreateBankAccount/CreateBankAccountCommandValidator.cs</ApplicationRelativeFilePath>
      <ProjectRelativeFilePath>BankAccounts/CreateBankAccount/CreateBankAccountCommandValidator.cs</ProjectRelativeFilePath>
      <IsIgnored>false</IsIgnored>
    </FileLog>
    <FileLog>
      <ProjectId>51c46108-61ba-434a-85d2-f1bf00cbaa2d</ProjectId>
      <CorrelationId>Intent.Application.MediatR.CommandModels#ce9b7c2d-1abd-4626-a3df-823b394496d9</CorrelationId>
      <OverwriteBehaviour>always</OverwriteBehaviour>
      <ApplicationRelativeFilePath>../../CustomerBankingService.Application/BankAccounts/CreateBankAccountBankTransactionHistory/CreateBankAccountBankTransactionHistoryCommand.cs</ApplicationRelativeFilePath>
      <ProjectRelativeFilePath>BankAccounts/CreateBankAccountBankTransactionHistory/CreateBankAccountBankTransactionHistoryCommand.cs</ProjectRelativeFilePath>
      <IsIgnored>false</IsIgnored>
    </FileLog>
    <FileLog>
      <ProjectId>51c46108-61ba-434a-85d2-f1bf00cbaa2d</ProjectId>
      <CorrelationId>Intent.Application.MediatR.CommandHandler#ce9b7c2d-1abd-4626-a3df-823b394496d9</CorrelationId>
      <OverwriteBehaviour>always</OverwriteBehaviour>
      <ApplicationRelativeFilePath>../../CustomerBankingService.Application/BankAccounts/CreateBankAccountBankTransactionHistory/CreateBankAccountBankTransactionHistoryCommandHandler.cs</ApplicationRelativeFilePath>
      <ProjectRelativeFilePath>BankAccounts/CreateBankAccountBankTransactionHistory/CreateBankAccountBankTransactionHistoryCommandHandler.cs</ProjectRelativeFilePath>
      <IsIgnored>false</IsIgnored>
    </FileLog>
    <FileLog>
      <ProjectId>51c46108-61ba-434a-85d2-f1bf00cbaa2d</ProjectId>
      <CorrelationId>Intent.Application.MediatR.FluentValidation.CommandValidator#ce9b7c2d-1abd-4626-a3df-823b394496d9</CorrelationId>
      <OverwriteBehaviour>always</OverwriteBehaviour>
      <ApplicationRelativeFilePath>../../CustomerBankingService.Application/BankAccounts/CreateBankAccountBankTransactionHistory/CreateBankAccountBankTransactionHistoryCommandValidator.cs</ApplicationRelativeFilePath>
      <ProjectRelativeFilePath>BankAccounts/CreateBankAccountBankTransactionHistory/CreateBankAccountBankTransactionHistoryCommandValidator.cs</ProjectRelativeFilePath>
      <IsIgnored>false</IsIgnored>
    </FileLog>
    <FileLog>
      <ProjectId>51c46108-61ba-434a-85d2-f1bf00cbaa2d</ProjectId>
      <CorrelationId>Intent.Application.MediatR.CommandModels#9d000d9a-c2ba-4ecf-b00a-0acc35e09e06</CorrelationId>
      <OverwriteBehaviour>always</OverwriteBehaviour>
      <ApplicationRelativeFilePath>../../CustomerBankingService.Application/BankAccounts/DeleteBankAccount/DeleteBankAccountCommand.cs</ApplicationRelativeFilePath>
      <ProjectRelativeFilePath>BankAccounts/DeleteBankAccount/DeleteBankAccountCommand.cs</ProjectRelativeFilePath>
      <IsIgnored>false</IsIgnored>
    </FileLog>
    <FileLog>
      <ProjectId>51c46108-61ba-434a-85d2-f1bf00cbaa2d</ProjectId>
      <CorrelationId>Intent.Application.MediatR.CommandHandler#9d000d9a-c2ba-4ecf-b00a-0acc35e09e06</CorrelationId>
      <OverwriteBehaviour>always</OverwriteBehaviour>
      <ApplicationRelativeFilePath>../../CustomerBankingService.Application/BankAccounts/DeleteBankAccount/DeleteBankAccountCommandHandler.cs</ApplicationRelativeFilePath>
      <ProjectRelativeFilePath>BankAccounts/DeleteBankAccount/DeleteBankAccountCommandHandler.cs</ProjectRelativeFilePath>
      <IsIgnored>false</IsIgnored>
    </FileLog>
    <FileLog>
      <ProjectId>51c46108-61ba-434a-85d2-f1bf00cbaa2d</ProjectId>
      <CorrelationId>Intent.Application.MediatR.FluentValidation.CommandValidator#9d000d9a-c2ba-4ecf-b00a-0acc35e09e06</CorrelationId>
      <OverwriteBehaviour>always</OverwriteBehaviour>
      <ApplicationRelativeFilePath>../../CustomerBankingService.Application/BankAccounts/DeleteBankAccount/DeleteBankAccountCommandValidator.cs</ApplicationRelativeFilePath>
      <ProjectRelativeFilePath>BankAccounts/DeleteBankAccount/DeleteBankAccountCommandValidator.cs</ProjectRelativeFilePath>
      <IsIgnored>false</IsIgnored>
    </FileLog>
    <FileLog>
      <ProjectId>51c46108-61ba-434a-85d2-f1bf00cbaa2d</ProjectId>
      <CorrelationId>Intent.Application.MediatR.CommandModels#8d814b14-2829-457b-bc91-1f2be738f330</CorrelationId>
      <OverwriteBehaviour>always</OverwriteBehaviour>
      <ApplicationRelativeFilePath>../../CustomerBankingService.Application/BankAccounts/DeleteBankAccountBankTransactionHistory/DeleteBankAccountBankTransactionHistoryCommand.cs</ApplicationRelativeFilePath>
      <ProjectRelativeFilePath>BankAccounts/DeleteBankAccountBankTransactionHistory/DeleteBankAccountBankTransactionHistoryCommand.cs</ProjectRelativeFilePath>
      <IsIgnored>false</IsIgnored>
    </FileLog>
    <FileLog>
      <ProjectId>51c46108-61ba-434a-85d2-f1bf00cbaa2d</ProjectId>
      <CorrelationId>Intent.Application.MediatR.CommandHandler#8d814b14-2829-457b-bc91-1f2be738f330</CorrelationId>
      <OverwriteBehaviour>always</OverwriteBehaviour>
      <ApplicationRelativeFilePath>../../CustomerBankingService.Application/BankAccounts/DeleteBankAccountBankTransactionHistory/DeleteBankAccountBankTransactionHistoryCommandHandler.cs</ApplicationRelativeFilePath>
      <ProjectRelativeFilePath>BankAccounts/DeleteBankAccountBankTransactionHistory/DeleteBankAccountBankTransactionHistoryCommandHandler.cs</ProjectRelativeFilePath>
      <IsIgnored>false</IsIgnored>
    </FileLog>
    <FileLog>
      <ProjectId>51c46108-61ba-434a-85d2-f1bf00cbaa2d</ProjectId>
      <CorrelationId>Intent.Application.MediatR.FluentValidation.CommandValidator#8d814b14-2829-457b-bc91-1f2be738f330</CorrelationId>
      <OverwriteBehaviour>always</OverwriteBehaviour>
      <ApplicationRelativeFilePath>../../CustomerBankingService.Application/BankAccounts/DeleteBankAccountBankTransactionHistory/DeleteBankAccountBankTransactionHistoryCommandValidator.cs</ApplicationRelativeFilePath>
      <ProjectRelativeFilePath>BankAccounts/DeleteBankAccountBankTransactionHistory/DeleteBankAccountBankTransactionHistoryCommandValidator.cs</ProjectRelativeFilePath>
      <IsIgnored>false</IsIgnored>
    </FileLog>
    <FileLog>
      <ProjectId>51c46108-61ba-434a-85d2-f1bf00cbaa2d</ProjectId>
      <CorrelationId>Intent.Application.MediatR.QueryModels#7b229381-3c4e-4972-ad43-797c7a4e2ec4</CorrelationId>
      <OverwriteBehaviour>always</OverwriteBehaviour>
      <ApplicationRelativeFilePath>../../CustomerBankingService.Application/BankAccounts/GetBankAccountBankTransactionHistories/GetBankAccountBankTransactionHistoriesQuery.cs</ApplicationRelativeFilePath>
      <ProjectRelativeFilePath>BankAccounts/GetBankAccountBankTransactionHistories/GetBankAccountBankTransactionHistoriesQuery.cs</ProjectRelativeFilePath>
      <IsIgnored>false</IsIgnored>
    </FileLog>
    <FileLog>
      <ProjectId>51c46108-61ba-434a-85d2-f1bf00cbaa2d</ProjectId>
      <CorrelationId>Intent.Application.MediatR.QueryHandler#7b229381-3c4e-4972-ad43-797c7a4e2ec4</CorrelationId>
      <OverwriteBehaviour>always</OverwriteBehaviour>
      <ApplicationRelativeFilePath>../../CustomerBankingService.Application/BankAccounts/GetBankAccountBankTransactionHistories/GetBankAccountBankTransactionHistoriesQueryHandler.cs</ApplicationRelativeFilePath>
      <ProjectRelativeFilePath>BankAccounts/GetBankAccountBankTransactionHistories/GetBankAccountBankTransactionHistoriesQueryHandler.cs</ProjectRelativeFilePath>
      <IsIgnored>false</IsIgnored>
    </FileLog>
    <FileLog>
      <ProjectId>51c46108-61ba-434a-85d2-f1bf00cbaa2d</ProjectId>
      <CorrelationId>Intent.Application.MediatR.FluentValidation.QueryValidator#7b229381-3c4e-4972-ad43-797c7a4e2ec4</CorrelationId>
      <OverwriteBehaviour>always</OverwriteBehaviour>
      <ApplicationRelativeFilePath>../../CustomerBankingService.Application/BankAccounts/GetBankAccountBankTransactionHistories/GetBankAccountBankTransactionHistoriesQueryValidator.cs</ApplicationRelativeFilePath>
      <ProjectRelativeFilePath>BankAccounts/GetBankAccountBankTransactionHistories/GetBankAccountBankTransactionHistoriesQueryValidator.cs</ProjectRelativeFilePath>
      <IsIgnored>false</IsIgnored>
    </FileLog>
    <FileLog>
      <ProjectId>51c46108-61ba-434a-85d2-f1bf00cbaa2d</ProjectId>
      <CorrelationId>Intent.Application.MediatR.QueryModels#6ebde0a5-573d-4210-8221-70893b8f4b0f</CorrelationId>
      <OverwriteBehaviour>always</OverwriteBehaviour>
      <ApplicationRelativeFilePath>../../CustomerBankingService.Application/BankAccounts/GetBankAccountBankTransactionHistoryById/GetBankAccountBankTransactionHistoryByIdQuery.cs</ApplicationRelativeFilePath>
      <ProjectRelativeFilePath>BankAccounts/GetBankAccountBankTransactionHistoryById/GetBankAccountBankTransactionHistoryByIdQuery.cs</ProjectRelativeFilePath>
      <IsIgnored>false</IsIgnored>
    </FileLog>
    <FileLog>
      <ProjectId>51c46108-61ba-434a-85d2-f1bf00cbaa2d</ProjectId>
      <CorrelationId>Intent.Application.MediatR.QueryHandler#6ebde0a5-573d-4210-8221-70893b8f4b0f</CorrelationId>
      <OverwriteBehaviour>always</OverwriteBehaviour>
      <ApplicationRelativeFilePath>../../CustomerBankingService.Application/BankAccounts/GetBankAccountBankTransactionHistoryById/GetBankAccountBankTransactionHistoryByIdQueryHandler.cs</ApplicationRelativeFilePath>
      <ProjectRelativeFilePath>BankAccounts/GetBankAccountBankTransactionHistoryById/GetBankAccountBankTransactionHistoryByIdQueryHandler.cs</ProjectRelativeFilePath>
      <IsIgnored>false</IsIgnored>
    </FileLog>
    <FileLog>
      <ProjectId>51c46108-61ba-434a-85d2-f1bf00cbaa2d</ProjectId>
      <CorrelationId>Intent.Application.MediatR.FluentValidation.QueryValidator#6ebde0a5-573d-4210-8221-70893b8f4b0f</CorrelationId>
      <OverwriteBehaviour>always</OverwriteBehaviour>
      <ApplicationRelativeFilePath>../../CustomerBankingService.Application/BankAccounts/GetBankAccountBankTransactionHistoryById/GetBankAccountBankTransactionHistoryByIdQueryValidator.cs</ApplicationRelativeFilePath>
      <ProjectRelativeFilePath>BankAccounts/GetBankAccountBankTransactionHistoryById/GetBankAccountBankTransactionHistoryByIdQueryValidator.cs</ProjectRelativeFilePath>
      <IsIgnored>false</IsIgnored>
    </FileLog>
    <FileLog>
      <ProjectId>51c46108-61ba-434a-85d2-f1bf00cbaa2d</ProjectId>
      <CorrelationId>Intent.Application.MediatR.QueryModels#ba6ffe22-ca50-40ac-af10-ed96bb55d10c</CorrelationId>
      <OverwriteBehaviour>always</OverwriteBehaviour>
      <ApplicationRelativeFilePath>../../CustomerBankingService.Application/BankAccounts/GetBankAccountById/GetBankAccountByIdQuery.cs</ApplicationRelativeFilePath>
      <ProjectRelativeFilePath>BankAccounts/GetBankAccountById/GetBankAccountByIdQuery.cs</ProjectRelativeFilePath>
      <IsIgnored>false</IsIgnored>
    </FileLog>
    <FileLog>
      <ProjectId>51c46108-61ba-434a-85d2-f1bf00cbaa2d</ProjectId>
      <CorrelationId>Intent.Application.MediatR.QueryHandler#ba6ffe22-ca50-40ac-af10-ed96bb55d10c</CorrelationId>
      <OverwriteBehaviour>always</OverwriteBehaviour>
      <ApplicationRelativeFilePath>../../CustomerBankingService.Application/BankAccounts/GetBankAccountById/GetBankAccountByIdQueryHandler.cs</ApplicationRelativeFilePath>
      <ProjectRelativeFilePath>BankAccounts/GetBankAccountById/GetBankAccountByIdQueryHandler.cs</ProjectRelativeFilePath>
      <IsIgnored>false</IsIgnored>
    </FileLog>
    <FileLog>
      <ProjectId>51c46108-61ba-434a-85d2-f1bf00cbaa2d</ProjectId>
      <CorrelationId>Intent.Application.MediatR.FluentValidation.QueryValidator#ba6ffe22-ca50-40ac-af10-ed96bb55d10c</CorrelationId>
      <OverwriteBehaviour>always</OverwriteBehaviour>
      <ApplicationRelativeFilePath>../../CustomerBankingService.Application/BankAccounts/GetBankAccountById/GetBankAccountByIdQueryValidator.cs</ApplicationRelativeFilePath>
      <ProjectRelativeFilePath>BankAccounts/GetBankAccountById/GetBankAccountByIdQueryValidator.cs</ProjectRelativeFilePath>
      <IsIgnored>false</IsIgnored>
    </FileLog>
    <FileLog>
      <ProjectId>51c46108-61ba-434a-85d2-f1bf00cbaa2d</ProjectId>
      <CorrelationId>Intent.Application.MediatR.QueryModels#60b1cc78-7514-4d77-8daa-cc61eca9b186</CorrelationId>
      <OverwriteBehaviour>always</OverwriteBehaviour>
      <ApplicationRelativeFilePath>../../CustomerBankingService.Application/BankAccounts/GetBankAccounts/GetBankAccountsQuery.cs</ApplicationRelativeFilePath>
      <ProjectRelativeFilePath>BankAccounts/GetBankAccounts/GetBankAccountsQuery.cs</ProjectRelativeFilePath>
      <IsIgnored>false</IsIgnored>
    </FileLog>
    <FileLog>
      <ProjectId>51c46108-61ba-434a-85d2-f1bf00cbaa2d</ProjectId>
      <CorrelationId>Intent.Application.MediatR.QueryHandler#60b1cc78-7514-4d77-8daa-cc61eca9b186</CorrelationId>
      <OverwriteBehaviour>always</OverwriteBehaviour>
      <ApplicationRelativeFilePath>../../CustomerBankingService.Application/BankAccounts/GetBankAccounts/GetBankAccountsQueryHandler.cs</ApplicationRelativeFilePath>
      <ProjectRelativeFilePath>BankAccounts/GetBankAccounts/GetBankAccountsQueryHandler.cs</ProjectRelativeFilePath>
      <IsIgnored>false</IsIgnored>
    </FileLog>
    <FileLog>
      <ProjectId>51c46108-61ba-434a-85d2-f1bf00cbaa2d</ProjectId>
      <CorrelationId>Intent.Application.MediatR.FluentValidation.QueryValidator#60b1cc78-7514-4d77-8daa-cc61eca9b186</CorrelationId>
      <OverwriteBehaviour>always</OverwriteBehaviour>
      <ApplicationRelativeFilePath>../../CustomerBankingService.Application/BankAccounts/GetBankAccounts/GetBankAccountsQueryValidator.cs</ApplicationRelativeFilePath>
      <ProjectRelativeFilePath>BankAccounts/GetBankAccounts/GetBankAccountsQueryValidator.cs</ProjectRelativeFilePath>
      <IsIgnored>false</IsIgnored>
    </FileLog>
    <FileLog>
      <ProjectId>51c46108-61ba-434a-85d2-f1bf00cbaa2d</ProjectId>
      <CorrelationId>Intent.Application.MediatR.CommandModels#cd80de50-2105-47be-adf3-bf71b6cf8aea</CorrelationId>
      <OverwriteBehaviour>always</OverwriteBehaviour>
      <ApplicationRelativeFilePath>../../CustomerBankingService.Application/BankAccounts/UpdateBankAccount/UpdateBankAccountCommand.cs</ApplicationRelativeFilePath>
      <ProjectRelativeFilePath>BankAccounts/UpdateBankAccount/UpdateBankAccountCommand.cs</ProjectRelativeFilePath>
      <IsIgnored>false</IsIgnored>
    </FileLog>
    <FileLog>
      <ProjectId>51c46108-61ba-434a-85d2-f1bf00cbaa2d</ProjectId>
      <CorrelationId>Intent.Application.MediatR.CommandHandler#cd80de50-2105-47be-adf3-bf71b6cf8aea</CorrelationId>
      <OverwriteBehaviour>always</OverwriteBehaviour>
      <ApplicationRelativeFilePath>../../CustomerBankingService.Application/BankAccounts/UpdateBankAccount/UpdateBankAccountCommandHandler.cs</ApplicationRelativeFilePath>
      <ProjectRelativeFilePath>BankAccounts/UpdateBankAccount/UpdateBankAccountCommandHandler.cs</ProjectRelativeFilePath>
      <IsIgnored>false</IsIgnored>
    </FileLog>
    <FileLog>
      <ProjectId>51c46108-61ba-434a-85d2-f1bf00cbaa2d</ProjectId>
      <CorrelationId>Intent.Application.MediatR.FluentValidation.CommandValidator#cd80de50-2105-47be-adf3-bf71b6cf8aea</CorrelationId>
      <OverwriteBehaviour>always</OverwriteBehaviour>
      <ApplicationRelativeFilePath>../../CustomerBankingService.Application/BankAccounts/UpdateBankAccount/UpdateBankAccountCommandValidator.cs</ApplicationRelativeFilePath>
      <ProjectRelativeFilePath>BankAccounts/UpdateBankAccount/UpdateBankAccountCommandValidator.cs</ProjectRelativeFilePath>
      <IsIgnored>false</IsIgnored>
    </FileLog>
    <FileLog>
      <ProjectId>51c46108-61ba-434a-85d2-f1bf00cbaa2d</ProjectId>
      <CorrelationId>Intent.Application.MediatR.CommandModels#ae0441da-3526-4f67-b973-9439a0e65b44</CorrelationId>
      <OverwriteBehaviour>always</OverwriteBehaviour>
      <ApplicationRelativeFilePath>../../CustomerBankingService.Application/BankAccounts/UpdateBankAccountBankTransactionHistory/UpdateBankAccountBankTransactionHistoryCommand.cs</ApplicationRelativeFilePath>
      <ProjectRelativeFilePath>BankAccounts/UpdateBankAccountBankTransactionHistory/UpdateBankAccountBankTransactionHistoryCommand.cs</ProjectRelativeFilePath>
      <IsIgnored>false</IsIgnored>
    </FileLog>
    <FileLog>
      <ProjectId>51c46108-61ba-434a-85d2-f1bf00cbaa2d</ProjectId>
      <CorrelationId>Intent.Application.MediatR.CommandHandler#ae0441da-3526-4f67-b973-9439a0e65b44</CorrelationId>
      <OverwriteBehaviour>always</OverwriteBehaviour>
      <ApplicationRelativeFilePath>../../CustomerBankingService.Application/BankAccounts/UpdateBankAccountBankTransactionHistory/UpdateBankAccountBankTransactionHistoryCommandHandler.cs</ApplicationRelativeFilePath>
      <ProjectRelativeFilePath>BankAccounts/UpdateBankAccountBankTransactionHistory/UpdateBankAccountBankTransactionHistoryCommandHandler.cs</ProjectRelativeFilePath>
      <IsIgnored>false</IsIgnored>
    </FileLog>
    <FileLog>
      <ProjectId>51c46108-61ba-434a-85d2-f1bf00cbaa2d</ProjectId>
      <CorrelationId>Intent.Application.MediatR.FluentValidation.CommandValidator#ae0441da-3526-4f67-b973-9439a0e65b44</CorrelationId>
      <OverwriteBehaviour>always</OverwriteBehaviour>
      <ApplicationRelativeFilePath>../../CustomerBankingService.Application/BankAccounts/UpdateBankAccountBankTransactionHistory/UpdateBankAccountBankTransactionHistoryCommandValidator.cs</ApplicationRelativeFilePath>
      <ProjectRelativeFilePath>BankAccounts/UpdateBankAccountBankTransactionHistory/UpdateBankAccountBankTransactionHistoryCommandValidator.cs</ProjectRelativeFilePath>
      <IsIgnored>false</IsIgnored>
    </FileLog>
    <FileLog>
      <ProjectId>51c46108-61ba-434a-85d2-f1bf00cbaa2d</ProjectId>
      <CorrelationId>Intent.Application.Dtos.DtoModel#0188bbba-dc97-41b0-84f5-b27083138fa4</CorrelationId>
      <OverwriteBehaviour>always</OverwriteBehaviour>
      <ApplicationRelativeFilePath>../../CustomerBankingService.Application/BankCustomers/BankCustomerDto.cs</ApplicationRelativeFilePath>
      <ProjectRelativeFilePath>BankCustomers/BankCustomerDto.cs</ProjectRelativeFilePath>
      <IsIgnored>false</IsIgnored>
    </FileLog>
    <FileLog>
      <ProjectId>51c46108-61ba-434a-85d2-f1bf00cbaa2d</ProjectId>
      <CorrelationId>Intent.Application.Dtos.AutoMapper.MappingExtensions#0188bbba-dc97-41b0-84f5-b27083138fa4</CorrelationId>
      <OverwriteBehaviour>always</OverwriteBehaviour>
      <ApplicationRelativeFilePath>../../CustomerBankingService.Application/BankCustomers/BankCustomerDtoMappingExtensions.cs</ApplicationRelativeFilePath>
      <ProjectRelativeFilePath>BankCustomers/BankCustomerDtoMappingExtensions.cs</ProjectRelativeFilePath>
      <IsIgnored>false</IsIgnored>
    </FileLog>
    <FileLog>
      <ProjectId>51c46108-61ba-434a-85d2-f1bf00cbaa2d</ProjectId>
      <CorrelationId>Intent.Application.MediatR.CommandModels#1e4095a5-33f8-4b2c-9bf5-59a59746da85</CorrelationId>
      <OverwriteBehaviour>always</OverwriteBehaviour>
      <ApplicationRelativeFilePath>../../CustomerBankingService.Application/BankCustomers/CreateBankCustomer/CreateBankCustomerCommand.cs</ApplicationRelativeFilePath>
      <ProjectRelativeFilePath>BankCustomers/CreateBankCustomer/CreateBankCustomerCommand.cs</ProjectRelativeFilePath>
      <IsIgnored>false</IsIgnored>
    </FileLog>
    <FileLog>
      <ProjectId>51c46108-61ba-434a-85d2-f1bf00cbaa2d</ProjectId>
      <CorrelationId>Intent.Application.MediatR.CommandHandler#1e4095a5-33f8-4b2c-9bf5-59a59746da85</CorrelationId>
      <OverwriteBehaviour>always</OverwriteBehaviour>
      <ApplicationRelativeFilePath>../../CustomerBankingService.Application/BankCustomers/CreateBankCustomer/CreateBankCustomerCommandHandler.cs</ApplicationRelativeFilePath>
      <ProjectRelativeFilePath>BankCustomers/CreateBankCustomer/CreateBankCustomerCommandHandler.cs</ProjectRelativeFilePath>
      <IsIgnored>false</IsIgnored>
    </FileLog>
    <FileLog>
      <ProjectId>51c46108-61ba-434a-85d2-f1bf00cbaa2d</ProjectId>
      <CorrelationId>Intent.Application.MediatR.FluentValidation.CommandValidator#1e4095a5-33f8-4b2c-9bf5-59a59746da85</CorrelationId>
      <OverwriteBehaviour>always</OverwriteBehaviour>
      <ApplicationRelativeFilePath>../../CustomerBankingService.Application/BankCustomers/CreateBankCustomer/CreateBankCustomerCommandValidator.cs</ApplicationRelativeFilePath>
      <ProjectRelativeFilePath>BankCustomers/CreateBankCustomer/CreateBankCustomerCommandValidator.cs</ProjectRelativeFilePath>
      <IsIgnored>false</IsIgnored>
    </FileLog>
    <FileLog>
      <ProjectId>51c46108-61ba-434a-85d2-f1bf00cbaa2d</ProjectId>
      <CorrelationId>Intent.Application.Dtos.DtoModel#d006c1ba-89ef-451d-9528-ed3881820202</CorrelationId>
      <OverwriteBehaviour>always</OverwriteBehaviour>
      <ApplicationRelativeFilePath>../../CustomerBankingService.Application/BankCustomers/CreateBankCustomerBankAccountDto.cs</ApplicationRelativeFilePath>
      <ProjectRelativeFilePath>BankCustomers/CreateBankCustomerBankAccountDto.cs</ProjectRelativeFilePath>
      <IsIgnored>false</IsIgnored>
    </FileLog>
    <FileLog>
      <ProjectId>51c46108-61ba-434a-85d2-f1bf00cbaa2d</ProjectId>
      <CorrelationId>Intent.Application.MediatR.CommandModels#ad8d0d81-c80f-42dc-bc25-9f931d1904ca</CorrelationId>
      <OverwriteBehaviour>always</OverwriteBehaviour>
      <ApplicationRelativeFilePath>../../CustomerBankingService.Application/BankCustomers/DeleteBankCustomer/DeleteBankCustomerCommand.cs</ApplicationRelativeFilePath>
      <ProjectRelativeFilePath>BankCustomers/DeleteBankCustomer/DeleteBankCustomerCommand.cs</ProjectRelativeFilePath>
      <IsIgnored>false</IsIgnored>
    </FileLog>
    <FileLog>
      <ProjectId>51c46108-61ba-434a-85d2-f1bf00cbaa2d</ProjectId>
      <CorrelationId>Intent.Application.MediatR.CommandHandler#ad8d0d81-c80f-42dc-bc25-9f931d1904ca</CorrelationId>
      <OverwriteBehaviour>always</OverwriteBehaviour>
      <ApplicationRelativeFilePath>../../CustomerBankingService.Application/BankCustomers/DeleteBankCustomer/DeleteBankCustomerCommandHandler.cs</ApplicationRelativeFilePath>
      <ProjectRelativeFilePath>BankCustomers/DeleteBankCustomer/DeleteBankCustomerCommandHandler.cs</ProjectRelativeFilePath>
      <IsIgnored>false</IsIgnored>
    </FileLog>
    <FileLog>
      <ProjectId>51c46108-61ba-434a-85d2-f1bf00cbaa2d</ProjectId>
      <CorrelationId>Intent.Application.MediatR.FluentValidation.CommandValidator#ad8d0d81-c80f-42dc-bc25-9f931d1904ca</CorrelationId>
      <OverwriteBehaviour>always</OverwriteBehaviour>
      <ApplicationRelativeFilePath>../../CustomerBankingService.Application/BankCustomers/DeleteBankCustomer/DeleteBankCustomerCommandValidator.cs</ApplicationRelativeFilePath>
      <ProjectRelativeFilePath>BankCustomers/DeleteBankCustomer/DeleteBankCustomerCommandValidator.cs</ProjectRelativeFilePath>
      <IsIgnored>false</IsIgnored>
    </FileLog>
    <FileLog>
      <ProjectId>51c46108-61ba-434a-85d2-f1bf00cbaa2d</ProjectId>
      <CorrelationId>Intent.Application.Dtos.DtoModel#9c4939f6-1e80-46f8-833c-741fab00d769</CorrelationId>
      <OverwriteBehaviour>always</OverwriteBehaviour>
      <ApplicationRelativeFilePath>../../CustomerBankingService.Application/BankCustomers/DeleteBankCustomerBankAccountDto.cs</ApplicationRelativeFilePath>
      <ProjectRelativeFilePath>BankCustomers/DeleteBankCustomerBankAccountDto.cs</ProjectRelativeFilePath>
      <IsIgnored>false</IsIgnored>
    </FileLog>
    <FileLog>
      <ProjectId>51c46108-61ba-434a-85d2-f1bf00cbaa2d</ProjectId>
      <CorrelationId>Intent.Application.MediatR.QueryModels#cffaad26-92ec-437b-8f41-bb5cb0ed1c44</CorrelationId>
      <OverwriteBehaviour>always</OverwriteBehaviour>
      <ApplicationRelativeFilePath>../../CustomerBankingService.Application/BankCustomers/GetBankCustomerById/GetBankCustomerByIdQuery.cs</ApplicationRelativeFilePath>
      <ProjectRelativeFilePath>BankCustomers/GetBankCustomerById/GetBankCustomerByIdQuery.cs</ProjectRelativeFilePath>
      <IsIgnored>false</IsIgnored>
    </FileLog>
    <FileLog>
      <ProjectId>51c46108-61ba-434a-85d2-f1bf00cbaa2d</ProjectId>
      <CorrelationId>Intent.Application.MediatR.QueryHandler#cffaad26-92ec-437b-8f41-bb5cb0ed1c44</CorrelationId>
      <OverwriteBehaviour>always</OverwriteBehaviour>
      <ApplicationRelativeFilePath>../../CustomerBankingService.Application/BankCustomers/GetBankCustomerById/GetBankCustomerByIdQueryHandler.cs</ApplicationRelativeFilePath>
      <ProjectRelativeFilePath>BankCustomers/GetBankCustomerById/GetBankCustomerByIdQueryHandler.cs</ProjectRelativeFilePath>
      <IsIgnored>false</IsIgnored>
    </FileLog>
    <FileLog>
      <ProjectId>51c46108-61ba-434a-85d2-f1bf00cbaa2d</ProjectId>
      <CorrelationId>Intent.Application.MediatR.FluentValidation.QueryValidator#cffaad26-92ec-437b-8f41-bb5cb0ed1c44</CorrelationId>
      <OverwriteBehaviour>always</OverwriteBehaviour>
      <ApplicationRelativeFilePath>../../CustomerBankingService.Application/BankCustomers/GetBankCustomerById/GetBankCustomerByIdQueryValidator.cs</ApplicationRelativeFilePath>
      <ProjectRelativeFilePath>BankCustomers/GetBankCustomerById/GetBankCustomerByIdQueryValidator.cs</ProjectRelativeFilePath>
      <IsIgnored>false</IsIgnored>
    </FileLog>
    <FileLog>
      <ProjectId>51c46108-61ba-434a-85d2-f1bf00cbaa2d</ProjectId>
      <CorrelationId>Intent.Application.MediatR.QueryModels#37d2e8d3-dbb8-4289-8fbe-be5274260e92</CorrelationId>
      <OverwriteBehaviour>always</OverwriteBehaviour>
      <ApplicationRelativeFilePath>../../CustomerBankingService.Application/BankCustomers/GetBankCustomers/GetBankCustomersQuery.cs</ApplicationRelativeFilePath>
      <ProjectRelativeFilePath>BankCustomers/GetBankCustomers/GetBankCustomersQuery.cs</ProjectRelativeFilePath>
      <IsIgnored>false</IsIgnored>
    </FileLog>
    <FileLog>
      <ProjectId>51c46108-61ba-434a-85d2-f1bf00cbaa2d</ProjectId>
      <CorrelationId>Intent.Application.MediatR.QueryHandler#37d2e8d3-dbb8-4289-8fbe-be5274260e92</CorrelationId>
      <OverwriteBehaviour>always</OverwriteBehaviour>
      <ApplicationRelativeFilePath>../../CustomerBankingService.Application/BankCustomers/GetBankCustomers/GetBankCustomersQueryHandler.cs</ApplicationRelativeFilePath>
      <ProjectRelativeFilePath>BankCustomers/GetBankCustomers/GetBankCustomersQueryHandler.cs</ProjectRelativeFilePath>
      <IsIgnored>false</IsIgnored>
    </FileLog>
    <FileLog>
      <ProjectId>51c46108-61ba-434a-85d2-f1bf00cbaa2d</ProjectId>
      <CorrelationId>Intent.Application.MediatR.FluentValidation.QueryValidator#37d2e8d3-dbb8-4289-8fbe-be5274260e92</CorrelationId>
      <OverwriteBehaviour>always</OverwriteBehaviour>
      <ApplicationRelativeFilePath>../../CustomerBankingService.Application/BankCustomers/GetBankCustomers/GetBankCustomersQueryValidator.cs</ApplicationRelativeFilePath>
      <ProjectRelativeFilePath>BankCustomers/GetBankCustomers/GetBankCustomersQueryValidator.cs</ProjectRelativeFilePath>
      <IsIgnored>false</IsIgnored>
    </FileLog>
    <FileLog>
      <ProjectId>51c46108-61ba-434a-85d2-f1bf00cbaa2d</ProjectId>
      <CorrelationId>Intent.Application.MediatR.CommandModels#9704df7f-a49a-4988-8b2c-9fcf4ddf637a</CorrelationId>
      <OverwriteBehaviour>always</OverwriteBehaviour>
      <ApplicationRelativeFilePath>../../CustomerBankingService.Application/BankCustomers/UpdateBankCustomer/UpdateBankCustomerCommand.cs</ApplicationRelativeFilePath>
      <ProjectRelativeFilePath>BankCustomers/UpdateBankCustomer/UpdateBankCustomerCommand.cs</ProjectRelativeFilePath>
      <IsIgnored>false</IsIgnored>
    </FileLog>
    <FileLog>
      <ProjectId>51c46108-61ba-434a-85d2-f1bf00cbaa2d</ProjectId>
      <CorrelationId>Intent.Application.MediatR.CommandHandler#9704df7f-a49a-4988-8b2c-9fcf4ddf637a</CorrelationId>
      <OverwriteBehaviour>always</OverwriteBehaviour>
      <ApplicationRelativeFilePath>../../CustomerBankingService.Application/BankCustomers/UpdateBankCustomer/UpdateBankCustomerCommandHandler.cs</ApplicationRelativeFilePath>
      <ProjectRelativeFilePath>BankCustomers/UpdateBankCustomer/UpdateBankCustomerCommandHandler.cs</ProjectRelativeFilePath>
      <IsIgnored>false</IsIgnored>
    </FileLog>
    <FileLog>
      <ProjectId>51c46108-61ba-434a-85d2-f1bf00cbaa2d</ProjectId>
      <CorrelationId>Intent.Application.MediatR.FluentValidation.CommandValidator#9704df7f-a49a-4988-8b2c-9fcf4ddf637a</CorrelationId>
      <OverwriteBehaviour>always</OverwriteBehaviour>
      <ApplicationRelativeFilePath>../../CustomerBankingService.Application/BankCustomers/UpdateBankCustomer/UpdateBankCustomerCommandValidator.cs</ApplicationRelativeFilePath>
      <ProjectRelativeFilePath>BankCustomers/UpdateBankCustomer/UpdateBankCustomerCommandValidator.cs</ProjectRelativeFilePath>
      <IsIgnored>false</IsIgnored>
    </FileLog>
    <FileLog>
      <ProjectId>ab16e9b6-e194-463a-86f5-c358d1e2962e</ProjectId>
      <CorrelationId>Intent.Application.MediatR.Behaviours.AuthorizationBehaviour</CorrelationId>
      <OverwriteBehaviour>always</OverwriteBehaviour>
      <ApplicationRelativeFilePath>../../CustomerBankingService.Application/Common/Behaviours/AuthorizationBehaviour.cs</ApplicationRelativeFilePath>
      <ProjectRelativeFilePath>AuthorizationBehaviour.cs</ProjectRelativeFilePath>
      <IsIgnored>false</IsIgnored>
    </FileLog>
    <FileLog>
      <ProjectId>ab16e9b6-e194-463a-86f5-c358d1e2962e</ProjectId>
      <CorrelationId>Intent.Application.MediatR.Behaviours.EventBusPublishBehaviour</CorrelationId>
      <OverwriteBehaviour>always</OverwriteBehaviour>
      <ApplicationRelativeFilePath>../../CustomerBankingService.Application/Common/Behaviours/EventBusPublishBehaviour.cs</ApplicationRelativeFilePath>
      <ProjectRelativeFilePath>EventBusPublishBehaviour.cs</ProjectRelativeFilePath>
      <IsIgnored>false</IsIgnored>
    </FileLog>
    <FileLog>
      <ProjectId>ab16e9b6-e194-463a-86f5-c358d1e2962e</ProjectId>
      <CorrelationId>Intent.Application.MediatR.Behaviours.LoggingBehaviour</CorrelationId>
      <OverwriteBehaviour>always</OverwriteBehaviour>
      <ApplicationRelativeFilePath>../../CustomerBankingService.Application/Common/Behaviours/LoggingBehaviour.cs</ApplicationRelativeFilePath>
      <ProjectRelativeFilePath>LoggingBehaviour.cs</ProjectRelativeFilePath>
      <IsIgnored>false</IsIgnored>
    </FileLog>
    <FileLog>
      <ProjectId>ab16e9b6-e194-463a-86f5-c358d1e2962e</ProjectId>
      <CorrelationId>Intent.Application.MediatR.Behaviours.PerformanceBehaviour</CorrelationId>
      <OverwriteBehaviour>always</OverwriteBehaviour>
      <ApplicationRelativeFilePath>../../CustomerBankingService.Application/Common/Behaviours/PerformanceBehaviour.cs</ApplicationRelativeFilePath>
      <ProjectRelativeFilePath>PerformanceBehaviour.cs</ProjectRelativeFilePath>
      <IsIgnored>false</IsIgnored>
    </FileLog>
    <FileLog>
      <ProjectId>ab16e9b6-e194-463a-86f5-c358d1e2962e</ProjectId>
      <CorrelationId>Intent.Dapr.AspNetCore.StateManagement.StateRepositoryUnitOfWorkBehaviour</CorrelationId>
      <OverwriteBehaviour>always</OverwriteBehaviour>
      <ApplicationRelativeFilePath>../../CustomerBankingService.Application/Common/Behaviours/StateRepositoryUnitOfWorkBehaviour.cs</ApplicationRelativeFilePath>
      <ProjectRelativeFilePath>StateRepositoryUnitOfWorkBehaviour.cs</ProjectRelativeFilePath>
      <IsIgnored>false</IsIgnored>
    </FileLog>
    <FileLog>
      <ProjectId>ab16e9b6-e194-463a-86f5-c358d1e2962e</ProjectId>
      <CorrelationId>Intent.Application.MediatR.Behaviours.UnhandledExceptionBehaviour</CorrelationId>
      <OverwriteBehaviour>always</OverwriteBehaviour>
      <ApplicationRelativeFilePath>../../CustomerBankingService.Application/Common/Behaviours/UnhandledExceptionBehaviour.cs</ApplicationRelativeFilePath>
      <ProjectRelativeFilePath>UnhandledExceptionBehaviour.cs</ProjectRelativeFilePath>
      <IsIgnored>false</IsIgnored>
    </FileLog>
    <FileLog>
      <ProjectId>ab16e9b6-e194-463a-86f5-c358d1e2962e</ProjectId>
      <CorrelationId>Intent.Application.MediatR.Behaviours.UnitOfWorkBehaviour</CorrelationId>
      <OverwriteBehaviour>always</OverwriteBehaviour>
      <ApplicationRelativeFilePath>../../CustomerBankingService.Application/Common/Behaviours/UnitOfWorkBehaviour.cs</ApplicationRelativeFilePath>
      <ProjectRelativeFilePath>UnitOfWorkBehaviour.cs</ProjectRelativeFilePath>
      <IsIgnored>false</IsIgnored>
    </FileLog>
    <FileLog>
      <ProjectId>ab16e9b6-e194-463a-86f5-c358d1e2962e</ProjectId>
      <CorrelationId>Intent.Application.MediatR.FluentValidation.ValidationBehaviour</CorrelationId>
      <OverwriteBehaviour>always</OverwriteBehaviour>
      <ApplicationRelativeFilePath>../../CustomerBankingService.Application/Common/Behaviours/ValidationBehaviour.cs</ApplicationRelativeFilePath>
      <ProjectRelativeFilePath>ValidationBehaviour.cs</ProjectRelativeFilePath>
      <IsIgnored>false</IsIgnored>
    </FileLog>
    <FileLog>
      <ProjectId>1c0c2085-d41a-4763-9964-05405342ad5d</ProjectId>
      <CorrelationId>Intent.Dapr.AspNetCore.Pubsub.EventBusImplementation</CorrelationId>
      <OverwriteBehaviour>always</OverwriteBehaviour>
      <ApplicationRelativeFilePath>../../CustomerBankingService.Application/Common/Eventing/EventBusImplementation.cs</ApplicationRelativeFilePath>
      <ProjectRelativeFilePath>EventBusImplementation.cs</ProjectRelativeFilePath>
      <IsIgnored>false</IsIgnored>
    </FileLog>
    <FileLog>
      <ProjectId>1c0c2085-d41a-4763-9964-05405342ad5d</ProjectId>
      <CorrelationId>Intent.Dapr.AspNetCore.Pubsub.EventInterface</CorrelationId>
      <OverwriteBehaviour>always</OverwriteBehaviour>
      <ApplicationRelativeFilePath>../../CustomerBankingService.Application/Common/Eventing/IEvent.cs</ApplicationRelativeFilePath>
      <ProjectRelativeFilePath>IEvent.cs</ProjectRelativeFilePath>
      <IsIgnored>false</IsIgnored>
    </FileLog>
    <FileLog>
      <ProjectId>1c0c2085-d41a-4763-9964-05405342ad5d</ProjectId>
      <CorrelationId>Intent.Eventing.Contracts.EventBusInterface</CorrelationId>
      <OverwriteBehaviour>always</OverwriteBehaviour>
      <ApplicationRelativeFilePath>../../CustomerBankingService.Application/Common/Eventing/IEventBus.cs</ApplicationRelativeFilePath>
      <ProjectRelativeFilePath>IEventBus.cs</ProjectRelativeFilePath>
      <IsIgnored>false</IsIgnored>
    </FileLog>
    <FileLog>
      <ProjectId>1c0c2085-d41a-4763-9964-05405342ad5d</ProjectId>
      <CorrelationId>Intent.Eventing.Contracts.IntegrationEventHandlerInterface</CorrelationId>
      <OverwriteBehaviour>always</OverwriteBehaviour>
      <ApplicationRelativeFilePath>../../CustomerBankingService.Application/Common/Eventing/IIntegrationEventHandler.cs</ApplicationRelativeFilePath>
      <ProjectRelativeFilePath>IIntegrationEventHandler.cs</ProjectRelativeFilePath>
      <IsIgnored>false</IsIgnored>
    </FileLog>
    <FileLog>
      <ProjectId>78d9d314-3339-4a88-b39b-ada0243c0657</ProjectId>
      <CorrelationId>Intent.Application.Identity.ForbiddenAccessException</CorrelationId>
      <OverwriteBehaviour>always</OverwriteBehaviour>
      <ApplicationRelativeFilePath>../../CustomerBankingService.Application/Common/Exceptions/ForbiddenAccessException.cs</ApplicationRelativeFilePath>
      <ProjectRelativeFilePath>ForbiddenAccessException.cs</ProjectRelativeFilePath>
      <IsIgnored>false</IsIgnored>
    </FileLog>
    <FileLog>
      <ProjectId>78d9d314-3339-4a88-b39b-ada0243c0657</ProjectId>
      <CorrelationId>Intent.Dapr.AspNetCore.ServiceInvocation.HttpClientRequestException</CorrelationId>
      <OverwriteBehaviour>always</OverwriteBehaviour>
      <ApplicationRelativeFilePath>../../CustomerBankingService.Application/Common/Exceptions/HttpClientRequestException.cs</ApplicationRelativeFilePath>
      <ProjectRelativeFilePath>HttpClientRequestException.cs</ProjectRelativeFilePath>
      <IsIgnored>false</IsIgnored>
    </FileLog>
    <FileLog>
      <ProjectId>cdd59287-384c-4c22-9cff-23016e553ec0</ProjectId>
      <CorrelationId>Intent.Application.MediatR.CommandInterface</CorrelationId>
      <OverwriteBehaviour>always</OverwriteBehaviour>
      <ApplicationRelativeFilePath>../../CustomerBankingService.Application/Common/Interfaces/ICommand.cs</ApplicationRelativeFilePath>
      <ProjectRelativeFilePath>ICommand.cs</ProjectRelativeFilePath>
      <IsIgnored>false</IsIgnored>
    </FileLog>
    <FileLog>
      <ProjectId>cdd59287-384c-4c22-9cff-23016e553ec0</ProjectId>
      <CorrelationId>Intent.Application.Identity.CurrentUserServiceInterface</CorrelationId>
      <OverwriteBehaviour>always</OverwriteBehaviour>
      <ApplicationRelativeFilePath>../../CustomerBankingService.Application/Common/Interfaces/ICurrentUserService.cs</ApplicationRelativeFilePath>
      <ProjectRelativeFilePath>ICurrentUserService.cs</ProjectRelativeFilePath>
      <IsIgnored>false</IsIgnored>
    </FileLog>
    <FileLog>
      <ProjectId>cdd59287-384c-4c22-9cff-23016e553ec0</ProjectId>
      <CorrelationId>Intent.DomainEvents.DomainEventServiceInterface</CorrelationId>
      <OverwriteBehaviour>always</OverwriteBehaviour>
      <ApplicationRelativeFilePath>../../CustomerBankingService.Application/Common/Interfaces/IDomainEventService.cs</ApplicationRelativeFilePath>
      <ProjectRelativeFilePath>IDomainEventService.cs</ProjectRelativeFilePath>
      <IsIgnored>false</IsIgnored>
    </FileLog>
    <FileLog>
      <ProjectId>cdd59287-384c-4c22-9cff-23016e553ec0</ProjectId>
      <CorrelationId>Intent.Application.MediatR.QueryInterface</CorrelationId>
      <OverwriteBehaviour>always</OverwriteBehaviour>
      <ApplicationRelativeFilePath>../../CustomerBankingService.Application/Common/Interfaces/IQuery.cs</ApplicationRelativeFilePath>
      <ProjectRelativeFilePath>IQuery.cs</ProjectRelativeFilePath>
      <IsIgnored>false</IsIgnored>
    </FileLog>
    <FileLog>
      <ProjectId>8e5dad9f-8ae2-43d7-9fdd-f3b26881dd25</ProjectId>
      <CorrelationId>Intent.Application.AutoMapper.MapFromInterface</CorrelationId>
      <OverwriteBehaviour>always</OverwriteBehaviour>
      <ApplicationRelativeFilePath>../../CustomerBankingService.Application/Common/Mappings/IMapFrom.cs</ApplicationRelativeFilePath>
      <ProjectRelativeFilePath>IMapFrom.cs</ProjectRelativeFilePath>
      <IsIgnored>false</IsIgnored>
    </FileLog>
    <FileLog>
      <ProjectId>8e5dad9f-8ae2-43d7-9fdd-f3b26881dd25</ProjectId>
      <CorrelationId>Intent.Application.AutoMapper.MappingProfile</CorrelationId>
      <OverwriteBehaviour>always</OverwriteBehaviour>
      <ApplicationRelativeFilePath>../../CustomerBankingService.Application/Common/Mappings/MappingProfile.cs</ApplicationRelativeFilePath>
      <ProjectRelativeFilePath>MappingProfile.cs</ProjectRelativeFilePath>
      <IsIgnored>false</IsIgnored>
    </FileLog>
    <FileLog>
      <ProjectId>923219a5-83bc-41c5-96a1-171fd1899531</ProjectId>
      <CorrelationId>Intent.MediatR.DomainEvents.DomainEventNotification</CorrelationId>
      <OverwriteBehaviour>always</OverwriteBehaviour>
      <ApplicationRelativeFilePath>../../CustomerBankingService.Application/Common/Models/DomainEventNotification.cs</ApplicationRelativeFilePath>
      <ProjectRelativeFilePath>DomainEventNotification.cs</ProjectRelativeFilePath>
      <IsIgnored>false</IsIgnored>
    </FileLog>
    <FileLog>
      <ProjectId>923219a5-83bc-41c5-96a1-171fd1899531</ProjectId>
      <CorrelationId>Intent.Application.Identity.ResultModel</CorrelationId>
      <OverwriteBehaviour>always</OverwriteBehaviour>
      <ApplicationRelativeFilePath>../../CustomerBankingService.Application/Common/Models/Result.cs</ApplicationRelativeFilePath>
      <ProjectRelativeFilePath>Result.cs</ProjectRelativeFilePath>
      <IsIgnored>false</IsIgnored>
    </FileLog>
    <FileLog>
      <ProjectId>681abb96-28b7-41fb-95ae-3d43fa4ef330</ProjectId>
      <CorrelationId>Intent.Application.Dtos.Pagination.PagedResult</CorrelationId>
      <OverwriteBehaviour>always</OverwriteBehaviour>
      <ApplicationRelativeFilePath>../../CustomerBankingService.Application/Common/Pagination/PagedResult.cs</ApplicationRelativeFilePath>
      <ProjectRelativeFilePath>PagedResult.cs</ProjectRelativeFilePath>
      <IsIgnored>false</IsIgnored>
    </FileLog>
    <FileLog>
      <ProjectId>681abb96-28b7-41fb-95ae-3d43fa4ef330</ProjectId>
      <CorrelationId>Intent.Application.Dtos.Pagination.PagedResultMappingExtensions</CorrelationId>
      <OverwriteBehaviour>always</OverwriteBehaviour>
      <ApplicationRelativeFilePath>../../CustomerBankingService.Application/Common/Pagination/PagedResultMappingExtensions.cs</ApplicationRelativeFilePath>
      <ProjectRelativeFilePath>PagedResultMappingExtensions.cs</ProjectRelativeFilePath>
      <IsIgnored>false</IsIgnored>
    </FileLog>
    <FileLog>
      <ProjectId>aaae8917-eb97-4608-af82-bb0eeffcbaf9</ProjectId>
      <CorrelationId>Intent.Application.Identity.AuthorizeAttribute</CorrelationId>
      <OverwriteBehaviour>always</OverwriteBehaviour>
      <ApplicationRelativeFilePath>../../CustomerBankingService.Application/Common/Security/AuthorizeAttribute.cs</ApplicationRelativeFilePath>
      <ProjectRelativeFilePath>AuthorizeAttribute.cs</ProjectRelativeFilePath>
      <IsIgnored>false</IsIgnored>
    </FileLog>
    <FileLog>
      <ProjectId>51c46108-61ba-434a-85d2-f1bf00cbaa2d</ProjectId>
      <CorrelationId>Intent.VisualStudio.Projects.CSharpProject#51c46108-61ba-434a-85d2-f1bf00cbaa2d</CorrelationId>
      <OverwriteBehaviour>always</OverwriteBehaviour>
      <ApplicationRelativeFilePath>../../CustomerBankingService.Application/CustomerBankingService.Application.csproj</ApplicationRelativeFilePath>
      <ProjectRelativeFilePath>CustomerBankingService.Application.csproj</ProjectRelativeFilePath>
      <IsIgnored>false</IsIgnored>
    </FileLog>
    <FileLog>
      <ProjectId>51c46108-61ba-434a-85d2-f1bf00cbaa2d</ProjectId>
      <CorrelationId>Intent.Application.DependencyInjection.DependencyInjection</CorrelationId>
      <OverwriteBehaviour>always</OverwriteBehaviour>
      <ApplicationRelativeFilePath>../../CustomerBankingService.Application/DependencyInjection.cs</ApplicationRelativeFilePath>
      <ProjectRelativeFilePath>DependencyInjection.cs</ProjectRelativeFilePath>
      <IsIgnored>false</IsIgnored>
    </FileLog>
    <FileLog>
      <ProjectId>b18dd7ca-de31-4cc7-aace-4daf3b9adb17</ProjectId>
      <CorrelationId>Intent.MediatR.DomainEvents.AggregateManager#0ba4c880-f983-4d53-8f22-ccb9d8fcc1a5</CorrelationId>
      <OverwriteBehaviour>always</OverwriteBehaviour>
      <ApplicationRelativeFilePath>../../CustomerBankingService.Application/EventHandlers/TransferFundManager.cs</ApplicationRelativeFilePath>
      <ProjectRelativeFilePath>TransferFundManager.cs</ProjectRelativeFilePath>
      <IsIgnored>false</IsIgnored>
    </FileLog>
    <FileLog>
      <ProjectId>51c46108-61ba-434a-85d2-f1bf00cbaa2d</ProjectId>
      <CorrelationId>Intent.Application.MediatR.CommandModels#a8ab01ec-1130-4a5e-9328-45b221022aae</CorrelationId>
      <OverwriteBehaviour>always</OverwriteBehaviour>
      <ApplicationRelativeFilePath>../../CustomerBankingService.Application/TransferFunds/CreateTransferFund/CreateTransferFundCommand.cs</ApplicationRelativeFilePath>
      <ProjectRelativeFilePath>TransferFunds/CreateTransferFund/CreateTransferFundCommand.cs</ProjectRelativeFilePath>
      <IsIgnored>false</IsIgnored>
    </FileLog>
    <FileLog>
      <ProjectId>51c46108-61ba-434a-85d2-f1bf00cbaa2d</ProjectId>
      <CorrelationId>Intent.Application.MediatR.CommandHandler#a8ab01ec-1130-4a5e-9328-45b221022aae</CorrelationId>
      <OverwriteBehaviour>always</OverwriteBehaviour>
      <ApplicationRelativeFilePath>../../CustomerBankingService.Application/TransferFunds/CreateTransferFund/CreateTransferFundCommandHandler.cs</ApplicationRelativeFilePath>
      <ProjectRelativeFilePath>TransferFunds/CreateTransferFund/CreateTransferFundCommandHandler.cs</ProjectRelativeFilePath>
      <IsIgnored>false</IsIgnored>
    </FileLog>
    <FileLog>
      <ProjectId>51c46108-61ba-434a-85d2-f1bf00cbaa2d</ProjectId>
      <CorrelationId>Intent.Application.MediatR.FluentValidation.CommandValidator#a8ab01ec-1130-4a5e-9328-45b221022aae</CorrelationId>
      <OverwriteBehaviour>always</OverwriteBehaviour>
      <ApplicationRelativeFilePath>../../CustomerBankingService.Application/TransferFunds/CreateTransferFund/CreateTransferFundCommandValidator.cs</ApplicationRelativeFilePath>
      <ProjectRelativeFilePath>TransferFunds/CreateTransferFund/CreateTransferFundCommandValidator.cs</ProjectRelativeFilePath>
      <IsIgnored>false</IsIgnored>
    </FileLog>
    <FileLog>
      <ProjectId>51c46108-61ba-434a-85d2-f1bf00cbaa2d</ProjectId>
      <CorrelationId>Intent.Application.MediatR.CommandModels#43e41227-bc29-4288-9382-4658845bd33a</CorrelationId>
      <OverwriteBehaviour>always</OverwriteBehaviour>
      <ApplicationRelativeFilePath>../../CustomerBankingService.Application/TransferFunds/DeleteTransferFund/DeleteTransferFundCommand.cs</ApplicationRelativeFilePath>
      <ProjectRelativeFilePath>TransferFunds/DeleteTransferFund/DeleteTransferFundCommand.cs</ProjectRelativeFilePath>
      <IsIgnored>false</IsIgnored>
    </FileLog>
    <FileLog>
      <ProjectId>51c46108-61ba-434a-85d2-f1bf00cbaa2d</ProjectId>
      <CorrelationId>Intent.Application.MediatR.CommandHandler#43e41227-bc29-4288-9382-4658845bd33a</CorrelationId>
      <OverwriteBehaviour>always</OverwriteBehaviour>
      <ApplicationRelativeFilePath>../../CustomerBankingService.Application/TransferFunds/DeleteTransferFund/DeleteTransferFundCommandHandler.cs</ApplicationRelativeFilePath>
      <ProjectRelativeFilePath>TransferFunds/DeleteTransferFund/DeleteTransferFundCommandHandler.cs</ProjectRelativeFilePath>
      <IsIgnored>false</IsIgnored>
    </FileLog>
    <FileLog>
      <ProjectId>51c46108-61ba-434a-85d2-f1bf00cbaa2d</ProjectId>
      <CorrelationId>Intent.Application.MediatR.FluentValidation.CommandValidator#43e41227-bc29-4288-9382-4658845bd33a</CorrelationId>
      <OverwriteBehaviour>always</OverwriteBehaviour>
      <ApplicationRelativeFilePath>../../CustomerBankingService.Application/TransferFunds/DeleteTransferFund/DeleteTransferFundCommandValidator.cs</ApplicationRelativeFilePath>
      <ProjectRelativeFilePath>TransferFunds/DeleteTransferFund/DeleteTransferFundCommandValidator.cs</ProjectRelativeFilePath>
      <IsIgnored>false</IsIgnored>
    </FileLog>
    <FileLog>
      <ProjectId>51c46108-61ba-434a-85d2-f1bf00cbaa2d</ProjectId>
      <CorrelationId>Intent.Application.MediatR.QueryModels#8f74b83b-095f-46a7-b324-1b6efdd81768</CorrelationId>
      <OverwriteBehaviour>always</OverwriteBehaviour>
      <ApplicationRelativeFilePath>../../CustomerBankingService.Application/TransferFunds/GetTransferFundById/GetTransferFundByIdQuery.cs</ApplicationRelativeFilePath>
      <ProjectRelativeFilePath>TransferFunds/GetTransferFundById/GetTransferFundByIdQuery.cs</ProjectRelativeFilePath>
      <IsIgnored>false</IsIgnored>
    </FileLog>
    <FileLog>
      <ProjectId>51c46108-61ba-434a-85d2-f1bf00cbaa2d</ProjectId>
      <CorrelationId>Intent.Application.MediatR.QueryHandler#8f74b83b-095f-46a7-b324-1b6efdd81768</CorrelationId>
      <OverwriteBehaviour>always</OverwriteBehaviour>
      <ApplicationRelativeFilePath>../../CustomerBankingService.Application/TransferFunds/GetTransferFundById/GetTransferFundByIdQueryHandler.cs</ApplicationRelativeFilePath>
      <ProjectRelativeFilePath>TransferFunds/GetTransferFundById/GetTransferFundByIdQueryHandler.cs</ProjectRelativeFilePath>
      <IsIgnored>false</IsIgnored>
    </FileLog>
    <FileLog>
      <ProjectId>51c46108-61ba-434a-85d2-f1bf00cbaa2d</ProjectId>
      <CorrelationId>Intent.Application.MediatR.FluentValidation.QueryValidator#8f74b83b-095f-46a7-b324-1b6efdd81768</CorrelationId>
      <OverwriteBehaviour>always</OverwriteBehaviour>
      <ApplicationRelativeFilePath>../../CustomerBankingService.Application/TransferFunds/GetTransferFundById/GetTransferFundByIdQueryValidator.cs</ApplicationRelativeFilePath>
      <ProjectRelativeFilePath>TransferFunds/GetTransferFundById/GetTransferFundByIdQueryValidator.cs</ProjectRelativeFilePath>
      <IsIgnored>false</IsIgnored>
    </FileLog>
    <FileLog>
      <ProjectId>51c46108-61ba-434a-85d2-f1bf00cbaa2d</ProjectId>
      <CorrelationId>Intent.Application.MediatR.QueryModels#b66f6318-93d8-4ac1-8590-8b1fd83c5857</CorrelationId>
      <OverwriteBehaviour>always</OverwriteBehaviour>
      <ApplicationRelativeFilePath>../../CustomerBankingService.Application/TransferFunds/GetTransferFunds/GetTransferFundsQuery.cs</ApplicationRelativeFilePath>
      <ProjectRelativeFilePath>TransferFunds/GetTransferFunds/GetTransferFundsQuery.cs</ProjectRelativeFilePath>
      <IsIgnored>false</IsIgnored>
    </FileLog>
    <FileLog>
      <ProjectId>51c46108-61ba-434a-85d2-f1bf00cbaa2d</ProjectId>
      <CorrelationId>Intent.Application.MediatR.QueryHandler#b66f6318-93d8-4ac1-8590-8b1fd83c5857</CorrelationId>
      <OverwriteBehaviour>always</OverwriteBehaviour>
      <ApplicationRelativeFilePath>../../CustomerBankingService.Application/TransferFunds/GetTransferFunds/GetTransferFundsQueryHandler.cs</ApplicationRelativeFilePath>
      <ProjectRelativeFilePath>TransferFunds/GetTransferFunds/GetTransferFundsQueryHandler.cs</ProjectRelativeFilePath>
      <IsIgnored>false</IsIgnored>
    </FileLog>
    <FileLog>
      <ProjectId>51c46108-61ba-434a-85d2-f1bf00cbaa2d</ProjectId>
      <CorrelationId>Intent.Application.MediatR.FluentValidation.QueryValidator#b66f6318-93d8-4ac1-8590-8b1fd83c5857</CorrelationId>
      <OverwriteBehaviour>always</OverwriteBehaviour>
      <ApplicationRelativeFilePath>../../CustomerBankingService.Application/TransferFunds/GetTransferFunds/GetTransferFundsQueryValidator.cs</ApplicationRelativeFilePath>
      <ProjectRelativeFilePath>TransferFunds/GetTransferFunds/GetTransferFundsQueryValidator.cs</ProjectRelativeFilePath>
      <IsIgnored>false</IsIgnored>
    </FileLog>
    <FileLog>
      <ProjectId>51c46108-61ba-434a-85d2-f1bf00cbaa2d</ProjectId>
      <CorrelationId>Intent.Application.Dtos.DtoModel#e2a11eea-1cc4-4703-bb82-d0ade6877a4b</CorrelationId>
      <OverwriteBehaviour>always</OverwriteBehaviour>
      <ApplicationRelativeFilePath>../../CustomerBankingService.Application/TransferFunds/TransferFundDto.cs</ApplicationRelativeFilePath>
      <ProjectRelativeFilePath>TransferFunds/TransferFundDto.cs</ProjectRelativeFilePath>
      <IsIgnored>false</IsIgnored>
    </FileLog>
    <FileLog>
      <ProjectId>51c46108-61ba-434a-85d2-f1bf00cbaa2d</ProjectId>
      <CorrelationId>Intent.Application.Dtos.AutoMapper.MappingExtensions#e2a11eea-1cc4-4703-bb82-d0ade6877a4b</CorrelationId>
      <OverwriteBehaviour>always</OverwriteBehaviour>
      <ApplicationRelativeFilePath>../../CustomerBankingService.Application/TransferFunds/TransferFundDtoMappingExtensions.cs</ApplicationRelativeFilePath>
      <ProjectRelativeFilePath>TransferFunds/TransferFundDtoMappingExtensions.cs</ProjectRelativeFilePath>
      <IsIgnored>false</IsIgnored>
    </FileLog>
    <FileLog>
      <ProjectId>51c46108-61ba-434a-85d2-f1bf00cbaa2d</ProjectId>
      <CorrelationId>Intent.Application.MediatR.CommandModels#d33a1f35-9df7-41b8-9999-1fd4b7bedc52</CorrelationId>
      <OverwriteBehaviour>always</OverwriteBehaviour>
      <ApplicationRelativeFilePath>../../CustomerBankingService.Application/TransferFunds/UpdateTransferFund/UpdateTransferFundCommand.cs</ApplicationRelativeFilePath>
      <ProjectRelativeFilePath>TransferFunds/UpdateTransferFund/UpdateTransferFundCommand.cs</ProjectRelativeFilePath>
      <IsIgnored>false</IsIgnored>
    </FileLog>
    <FileLog>
      <ProjectId>51c46108-61ba-434a-85d2-f1bf00cbaa2d</ProjectId>
      <CorrelationId>Intent.Application.MediatR.CommandHandler#d33a1f35-9df7-41b8-9999-1fd4b7bedc52</CorrelationId>
      <OverwriteBehaviour>always</OverwriteBehaviour>
      <ApplicationRelativeFilePath>../../CustomerBankingService.Application/TransferFunds/UpdateTransferFund/UpdateTransferFundCommandHandler.cs</ApplicationRelativeFilePath>
      <ProjectRelativeFilePath>TransferFunds/UpdateTransferFund/UpdateTransferFundCommandHandler.cs</ProjectRelativeFilePath>
      <IsIgnored>false</IsIgnored>
    </FileLog>
    <FileLog>
      <ProjectId>51c46108-61ba-434a-85d2-f1bf00cbaa2d</ProjectId>
      <CorrelationId>Intent.Application.MediatR.FluentValidation.CommandValidator#d33a1f35-9df7-41b8-9999-1fd4b7bedc52</CorrelationId>
      <OverwriteBehaviour>always</OverwriteBehaviour>
      <ApplicationRelativeFilePath>../../CustomerBankingService.Application/TransferFunds/UpdateTransferFund/UpdateTransferFundCommandValidator.cs</ApplicationRelativeFilePath>
      <ProjectRelativeFilePath>TransferFunds/UpdateTransferFund/UpdateTransferFundCommandValidator.cs</ProjectRelativeFilePath>
      <IsIgnored>false</IsIgnored>
    </FileLog>
    <FileLog>
      <ProjectId>11b8378a-cf2a-400e-86c9-05a8ec5288c3</ProjectId>
      <CorrelationId>Intent.Entities.CollectionExtensions</CorrelationId>
      <OverwriteBehaviour>always</OverwriteBehaviour>
      <ApplicationRelativeFilePath>../../CustomerBankingService.Domain/Common/CollectionExtensions.cs</ApplicationRelativeFilePath>
      <ProjectRelativeFilePath>CollectionExtensions.cs</ProjectRelativeFilePath>
      <IsIgnored>false</IsIgnored>
    </FileLog>
    <FileLog>
      <ProjectId>11b8378a-cf2a-400e-86c9-05a8ec5288c3</ProjectId>
      <CorrelationId>Intent.DomainEvents.DomainEventBase</CorrelationId>
      <OverwriteBehaviour>always</OverwriteBehaviour>
      <ApplicationRelativeFilePath>../../CustomerBankingService.Domain/Common/DomainEvent.cs</ApplicationRelativeFilePath>
      <ProjectRelativeFilePath>DomainEvent.cs</ProjectRelativeFilePath>
      <IsIgnored>false</IsIgnored>
    </FileLog>
    <FileLog>
      <ProjectId>11b8378a-cf2a-400e-86c9-05a8ec5288c3</ProjectId>
      <CorrelationId>Intent.DomainEvents.HasDomainEventInterface</CorrelationId>
      <OverwriteBehaviour>always</OverwriteBehaviour>
      <ApplicationRelativeFilePath>../../CustomerBankingService.Domain/Common/IHasDomainEvent.cs</ApplicationRelativeFilePath>
      <ProjectRelativeFilePath>IHasDomainEvent.cs</ProjectRelativeFilePath>
      <IsIgnored>false</IsIgnored>
    </FileLog>
    <FileLog>
      <ProjectId>ab85fa55-ad05-4e4c-832c-5e72251287be</ProjectId>
      <CorrelationId>Intent.Entities.Repositories.Api.UnitOfWorkInterface</CorrelationId>
      <OverwriteBehaviour>always</OverwriteBehaviour>
      <ApplicationRelativeFilePath>../../CustomerBankingService.Domain/Common/Interfaces/IUnitOfWork.cs</ApplicationRelativeFilePath>
      <ProjectRelativeFilePath>IUnitOfWork.cs</ProjectRelativeFilePath>
      <IsIgnored>false</IsIgnored>
    </FileLog>
    <FileLog>
      <ProjectId>11b8378a-cf2a-400e-86c9-05a8ec5288c3</ProjectId>
      <CorrelationId>Intent.Entities.UpdateHelper</CorrelationId>
      <OverwriteBehaviour>always</OverwriteBehaviour>
      <ApplicationRelativeFilePath>../../CustomerBankingService.Domain/Common/UpdateHelper.cs</ApplicationRelativeFilePath>
      <ProjectRelativeFilePath>UpdateHelper.cs</ProjectRelativeFilePath>
      <IsIgnored>false</IsIgnored>
    </FileLog>
    <FileLog>
      <ProjectId>5fa63f6d-9931-4286-bfc3-a12b545602bf</ProjectId>
      <CorrelationId>Intent.VisualStudio.Projects.CSharpProject#5fa63f6d-9931-4286-bfc3-a12b545602bf</CorrelationId>
      <OverwriteBehaviour>always</OverwriteBehaviour>
      <ApplicationRelativeFilePath>../../CustomerBankingService.Domain/CustomerBankingService.Domain.csproj</ApplicationRelativeFilePath>
      <ProjectRelativeFilePath>CustomerBankingService.Domain.csproj</ProjectRelativeFilePath>
      <IsIgnored>false</IsIgnored>
    </FileLog>
    <FileLog>
      <ProjectId>2a19bc59-6017-4b90-97b4-d8333184232a</ProjectId>
      <CorrelationId>Intent.Entities.DomainEntity#8acbf428-16b5-4865-ab48-c403a5acbe03</CorrelationId>
      <OverwriteBehaviour>always</OverwriteBehaviour>
      <ApplicationRelativeFilePath>../../CustomerBankingService.Domain/Entities/BankAccount.cs</ApplicationRelativeFilePath>
      <ProjectRelativeFilePath>BankAccount.cs</ProjectRelativeFilePath>
      <IsIgnored>false</IsIgnored>
    </FileLog>
    <FileLog>
      <ProjectId>2a19bc59-6017-4b90-97b4-d8333184232a</ProjectId>
      <CorrelationId>Intent.Entities.DomainEntity#95b33c33-62c2-466f-9e1b-361a89d79109</CorrelationId>
      <OverwriteBehaviour>always</OverwriteBehaviour>
      <ApplicationRelativeFilePath>../../CustomerBankingService.Domain/Entities/BankAccountType.cs</ApplicationRelativeFilePath>
      <ProjectRelativeFilePath>BankAccountType.cs</ProjectRelativeFilePath>
      <IsIgnored>false</IsIgnored>
    </FileLog>
    <FileLog>
      <ProjectId>2a19bc59-6017-4b90-97b4-d8333184232a</ProjectId>
      <CorrelationId>Intent.Entities.DomainEntity#dadd2f51-8dc7-4173-99cd-f772981f74c8</CorrelationId>
      <OverwriteBehaviour>always</OverwriteBehaviour>
      <ApplicationRelativeFilePath>../../CustomerBankingService.Domain/Entities/BankCustomer.cs</ApplicationRelativeFilePath>
      <ProjectRelativeFilePath>BankCustomer.cs</ProjectRelativeFilePath>
      <IsIgnored>false</IsIgnored>
    </FileLog>
    <FileLog>
      <ProjectId>2a19bc59-6017-4b90-97b4-d8333184232a</ProjectId>
      <CorrelationId>Intent.Entities.DomainEntity#7057eff3-378a-4e46-ac01-d16eb38e7494</CorrelationId>
      <OverwriteBehaviour>always</OverwriteBehaviour>
      <ApplicationRelativeFilePath>../../CustomerBankingService.Domain/Entities/BankTransactionHistory.cs</ApplicationRelativeFilePath>
      <ProjectRelativeFilePath>BankTransactionHistory.cs</ProjectRelativeFilePath>
      <IsIgnored>false</IsIgnored>
    </FileLog>
    <FileLog>
      <ProjectId>2a19bc59-6017-4b90-97b4-d8333184232a</ProjectId>
      <CorrelationId>Intent.Entities.DomainEntity#0ba4c880-f983-4d53-8f22-ccb9d8fcc1a5</CorrelationId>
      <OverwriteBehaviour>always</OverwriteBehaviour>
      <ApplicationRelativeFilePath>../../CustomerBankingService.Domain/Entities/TransferFund.cs</ApplicationRelativeFilePath>
      <ProjectRelativeFilePath>TransferFund.cs</ProjectRelativeFilePath>
      <IsIgnored>false</IsIgnored>
    </FileLog>
    <FileLog>
      <ProjectId>3e12d579-e684-4cf6-beef-c4c80710e2ee</ProjectId>
      <CorrelationId>Intent.DomainEvents.DomainEvent#33a2a74b-0aa3-4fc6-8326-c7f41545bcfe</CorrelationId>
      <OverwriteBehaviour>always</OverwriteBehaviour>
      <ApplicationRelativeFilePath>../../CustomerBankingService.Domain/Events/TransferFundStarted.cs</ApplicationRelativeFilePath>
      <ProjectRelativeFilePath>TransferFundStarted.cs</ProjectRelativeFilePath>
      <IsIgnored>false</IsIgnored>
    </FileLog>
    <FileLog>
      <ProjectId>b8f8d446-0771-4043-993b-e7dd127f7b10</ProjectId>
      <CorrelationId>Intent.Entities.Repositories.Api.EntityRepositoryInterface#8acbf428-16b5-4865-ab48-c403a5acbe03</CorrelationId>
      <OverwriteBehaviour>always</OverwriteBehaviour>
      <ApplicationRelativeFilePath>../../CustomerBankingService.Domain/Repositories/IBankAccountRepository.cs</ApplicationRelativeFilePath>
      <ProjectRelativeFilePath>IBankAccountRepository.cs</ProjectRelativeFilePath>
      <IsIgnored>false</IsIgnored>
    </FileLog>
    <FileLog>
      <ProjectId>b8f8d446-0771-4043-993b-e7dd127f7b10</ProjectId>
      <CorrelationId>Intent.Entities.Repositories.Api.EntityRepositoryInterface#95b33c33-62c2-466f-9e1b-361a89d79109</CorrelationId>
      <OverwriteBehaviour>always</OverwriteBehaviour>
      <ApplicationRelativeFilePath>../../CustomerBankingService.Domain/Repositories/IBankAccountTypeRepository.cs</ApplicationRelativeFilePath>
      <ProjectRelativeFilePath>IBankAccountTypeRepository.cs</ProjectRelativeFilePath>
      <IsIgnored>false</IsIgnored>
    </FileLog>
    <FileLog>
      <ProjectId>b8f8d446-0771-4043-993b-e7dd127f7b10</ProjectId>
      <CorrelationId>Intent.Entities.Repositories.Api.EntityRepositoryInterface#dadd2f51-8dc7-4173-99cd-f772981f74c8</CorrelationId>
      <OverwriteBehaviour>always</OverwriteBehaviour>
      <ApplicationRelativeFilePath>../../CustomerBankingService.Domain/Repositories/IBankCustomerRepository.cs</ApplicationRelativeFilePath>
      <ProjectRelativeFilePath>IBankCustomerRepository.cs</ProjectRelativeFilePath>
      <IsIgnored>false</IsIgnored>
    </FileLog>
    <FileLog>
      <ProjectId>b8f8d446-0771-4043-993b-e7dd127f7b10</ProjectId>
      <CorrelationId>Intent.Entities.Repositories.Api.PagedResultInterface</CorrelationId>
      <OverwriteBehaviour>always</OverwriteBehaviour>
      <ApplicationRelativeFilePath>../../CustomerBankingService.Domain/Repositories/IPagedResult.cs</ApplicationRelativeFilePath>
      <ProjectRelativeFilePath>IPagedResult.cs</ProjectRelativeFilePath>
      <IsIgnored>false</IsIgnored>
    </FileLog>
    <FileLog>
      <ProjectId>b8f8d446-0771-4043-993b-e7dd127f7b10</ProjectId>
      <CorrelationId>Intent.Entities.Repositories.Api.RepositoryInterface</CorrelationId>
      <OverwriteBehaviour>always</OverwriteBehaviour>
      <ApplicationRelativeFilePath>../../CustomerBankingService.Domain/Repositories/IRepository.cs</ApplicationRelativeFilePath>
      <ProjectRelativeFilePath>IRepository.cs</ProjectRelativeFilePath>
      <IsIgnored>false</IsIgnored>
    </FileLog>
    <FileLog>
      <ProjectId>b8f8d446-0771-4043-993b-e7dd127f7b10</ProjectId>
      <CorrelationId>Intent.Dapr.AspNetCore.StateManagement.StateRepositoryInterface</CorrelationId>
      <OverwriteBehaviour>always</OverwriteBehaviour>
      <ApplicationRelativeFilePath>../../CustomerBankingService.Domain/Repositories/IStateRepository.cs</ApplicationRelativeFilePath>
      <ProjectRelativeFilePath>IStateRepository.cs</ProjectRelativeFilePath>
      <IsIgnored>false</IsIgnored>
    </FileLog>
    <FileLog>
      <ProjectId>b8f8d446-0771-4043-993b-e7dd127f7b10</ProjectId>
      <CorrelationId>Intent.Entities.Repositories.Api.EntityRepositoryInterface#0ba4c880-f983-4d53-8f22-ccb9d8fcc1a5</CorrelationId>
      <OverwriteBehaviour>always</OverwriteBehaviour>
      <ApplicationRelativeFilePath>../../CustomerBankingService.Domain/Repositories/ITransferFundRepository.cs</ApplicationRelativeFilePath>
      <ProjectRelativeFilePath>ITransferFundRepository.cs</ProjectRelativeFilePath>
      <IsIgnored>false</IsIgnored>
    </FileLog>
    <FileLog>
      <ProjectId>cda85600-b24b-4632-882c-43027fd8a373</ProjectId>
      <CorrelationId>Intent.VisualStudio.Projects.CSharpProject#cda85600-b24b-4632-882c-43027fd8a373</CorrelationId>
      <OverwriteBehaviour>always</OverwriteBehaviour>
      <ApplicationRelativeFilePath>../../CustomerBankingService.Infrastructure/CustomerBankingService.Infrastructure.csproj</ApplicationRelativeFilePath>
      <ProjectRelativeFilePath>CustomerBankingService.Infrastructure.csproj</ProjectRelativeFilePath>
      <IsIgnored>false</IsIgnored>
    </FileLog>
    <FileLog>
      <ProjectId>cda85600-b24b-4632-882c-43027fd8a373</ProjectId>
      <CorrelationId>Intent.Infrastructure.DependencyInjection.DependencyInjection</CorrelationId>
      <OverwriteBehaviour>always</OverwriteBehaviour>
      <ApplicationRelativeFilePath>../../CustomerBankingService.Infrastructure/DependencyInjection.cs</ApplicationRelativeFilePath>
      <ProjectRelativeFilePath>DependencyInjection.cs</ProjectRelativeFilePath>
      <IsIgnored>false</IsIgnored>
    </FileLog>
    <FileLog>
      <ProjectId>4aa8a77e-c306-451e-95f5-f53f675ac2ee</ProjectId>
      <CorrelationId>Intent.EntityFrameworkCore.DbContext</CorrelationId>
      <OverwriteBehaviour>always</OverwriteBehaviour>
      <ApplicationRelativeFilePath>../../CustomerBankingService.Infrastructure/Persistence/ApplicationDbContext.cs</ApplicationRelativeFilePath>
      <ProjectRelativeFilePath>ApplicationDbContext.cs</ProjectRelativeFilePath>
      <IsIgnored>false</IsIgnored>
    </FileLog>
    <FileLog>
      <ProjectId>ffd263ba-7044-4f72-b7c6-97391f7a56cd</ProjectId>
      <CorrelationId>Intent.EntityFrameworkCore.EntityTypeConfiguration#8acbf428-16b5-4865-ab48-c403a5acbe03</CorrelationId>
      <OverwriteBehaviour>always</OverwriteBehaviour>
      <ApplicationRelativeFilePath>../../CustomerBankingService.Infrastructure/Persistence/Configurations/BankAccountConfiguration.cs</ApplicationRelativeFilePath>
      <ProjectRelativeFilePath>BankAccountConfiguration.cs</ProjectRelativeFilePath>
      <IsIgnored>false</IsIgnored>
    </FileLog>
    <FileLog>
      <ProjectId>ffd263ba-7044-4f72-b7c6-97391f7a56cd</ProjectId>
      <CorrelationId>Intent.EntityFrameworkCore.EntityTypeConfiguration#95b33c33-62c2-466f-9e1b-361a89d79109</CorrelationId>
      <OverwriteBehaviour>always</OverwriteBehaviour>
      <ApplicationRelativeFilePath>../../CustomerBankingService.Infrastructure/Persistence/Configurations/BankAccountTypeConfiguration.cs</ApplicationRelativeFilePath>
      <ProjectRelativeFilePath>BankAccountTypeConfiguration.cs</ProjectRelativeFilePath>
      <IsIgnored>false</IsIgnored>
    </FileLog>
    <FileLog>
      <ProjectId>ffd263ba-7044-4f72-b7c6-97391f7a56cd</ProjectId>
      <CorrelationId>Intent.EntityFrameworkCore.EntityTypeConfiguration#dadd2f51-8dc7-4173-99cd-f772981f74c8</CorrelationId>
      <OverwriteBehaviour>always</OverwriteBehaviour>
      <ApplicationRelativeFilePath>../../CustomerBankingService.Infrastructure/Persistence/Configurations/BankCustomerConfiguration.cs</ApplicationRelativeFilePath>
      <ProjectRelativeFilePath>BankCustomerConfiguration.cs</ProjectRelativeFilePath>
      <IsIgnored>false</IsIgnored>
    </FileLog>
    <FileLog>
      <ProjectId>ffd263ba-7044-4f72-b7c6-97391f7a56cd</ProjectId>
      <CorrelationId>Intent.EntityFrameworkCore.EntityTypeConfiguration#0ba4c880-f983-4d53-8f22-ccb9d8fcc1a5</CorrelationId>
      <OverwriteBehaviour>always</OverwriteBehaviour>
      <ApplicationRelativeFilePath>../../CustomerBankingService.Infrastructure/Persistence/Configurations/TransferFundConfiguration.cs</ApplicationRelativeFilePath>
      <ProjectRelativeFilePath>TransferFundConfiguration.cs</ProjectRelativeFilePath>
      <IsIgnored>false</IsIgnored>
    </FileLog>
    <FileLog>
      <ProjectId>4aa8a77e-c306-451e-95f5-f53f675ac2ee</ProjectId>
      <CorrelationId>Intent.EntityFrameworkCore.DbMigrationsReadMe</CorrelationId>
      <OverwriteBehaviour>always</OverwriteBehaviour>
      <ApplicationRelativeFilePath>../../CustomerBankingService.Infrastructure/Persistence/MIGRATION_README.txt</ApplicationRelativeFilePath>
      <ProjectRelativeFilePath>MIGRATION_README.txt</ProjectRelativeFilePath>
      <IsIgnored>false</IsIgnored>
    </FileLog>
    <FileLog>
      <ProjectId>6e5a33c0-163b-45ea-a43a-2a12e0264180</ProjectId>
      <CorrelationId>Intent.EntityFrameworkCore.Repositories.Repository#8acbf428-16b5-4865-ab48-c403a5acbe03</CorrelationId>
      <OverwriteBehaviour>always</OverwriteBehaviour>
      <ApplicationRelativeFilePath>../../CustomerBankingService.Infrastructure/Repositories/BankAccountRepository.cs</ApplicationRelativeFilePath>
      <ProjectRelativeFilePath>BankAccountRepository.cs</ProjectRelativeFilePath>
      <IsIgnored>false</IsIgnored>
    </FileLog>
    <FileLog>
      <ProjectId>6e5a33c0-163b-45ea-a43a-2a12e0264180</ProjectId>
      <CorrelationId>Intent.EntityFrameworkCore.Repositories.Repository#95b33c33-62c2-466f-9e1b-361a89d79109</CorrelationId>
      <OverwriteBehaviour>always</OverwriteBehaviour>
      <ApplicationRelativeFilePath>../../CustomerBankingService.Infrastructure/Repositories/BankAccountTypeRepository.cs</ApplicationRelativeFilePath>
      <ProjectRelativeFilePath>BankAccountTypeRepository.cs</ProjectRelativeFilePath>
      <IsIgnored>false</IsIgnored>
    </FileLog>
    <FileLog>
      <ProjectId>6e5a33c0-163b-45ea-a43a-2a12e0264180</ProjectId>
      <CorrelationId>Intent.EntityFrameworkCore.Repositories.Repository#dadd2f51-8dc7-4173-99cd-f772981f74c8</CorrelationId>
      <OverwriteBehaviour>always</OverwriteBehaviour>
      <ApplicationRelativeFilePath>../../CustomerBankingService.Infrastructure/Repositories/BankCustomerRepository.cs</ApplicationRelativeFilePath>
      <ProjectRelativeFilePath>BankCustomerRepository.cs</ProjectRelativeFilePath>
      <IsIgnored>false</IsIgnored>
    </FileLog>
    <FileLog>
      <ProjectId>6e5a33c0-163b-45ea-a43a-2a12e0264180</ProjectId>
      <CorrelationId>Intent.EntityFrameworkCore.Repositories.PagedList</CorrelationId>
      <OverwriteBehaviour>always</OverwriteBehaviour>
      <ApplicationRelativeFilePath>../../CustomerBankingService.Infrastructure/Repositories/PagedList.cs</ApplicationRelativeFilePath>
      <ProjectRelativeFilePath>PagedList.cs</ProjectRelativeFilePath>
      <IsIgnored>false</IsIgnored>
    </FileLog>
    <FileLog>
      <ProjectId>6e5a33c0-163b-45ea-a43a-2a12e0264180</ProjectId>
      <CorrelationId>Intent.EntityFrameworkCore.Repositories.RepositoryBase</CorrelationId>
      <OverwriteBehaviour>always</OverwriteBehaviour>
      <ApplicationRelativeFilePath>../../CustomerBankingService.Infrastructure/Repositories/RepositoryBase.cs</ApplicationRelativeFilePath>
      <ProjectRelativeFilePath>RepositoryBase.cs</ProjectRelativeFilePath>
      <IsIgnored>false</IsIgnored>
    </FileLog>
    <FileLog>
      <ProjectId>6e5a33c0-163b-45ea-a43a-2a12e0264180</ProjectId>
      <CorrelationId>Intent.Dapr.AspNetCore.StateManagement.StateRepository</CorrelationId>
      <OverwriteBehaviour>always</OverwriteBehaviour>
      <ApplicationRelativeFilePath>../../CustomerBankingService.Infrastructure/Repositories/StateRepository.cs</ApplicationRelativeFilePath>
      <ProjectRelativeFilePath>StateRepository.cs</ProjectRelativeFilePath>
      <IsIgnored>false</IsIgnored>
    </FileLog>
    <FileLog>
      <ProjectId>6e5a33c0-163b-45ea-a43a-2a12e0264180</ProjectId>
      <CorrelationId>Intent.EntityFrameworkCore.Repositories.Repository#0ba4c880-f983-4d53-8f22-ccb9d8fcc1a5</CorrelationId>
      <OverwriteBehaviour>always</OverwriteBehaviour>
      <ApplicationRelativeFilePath>../../CustomerBankingService.Infrastructure/Repositories/TransferFundRepository.cs</ApplicationRelativeFilePath>
      <ProjectRelativeFilePath>TransferFundRepository.cs</ProjectRelativeFilePath>
      <IsIgnored>false</IsIgnored>
    </FileLog>
    <FileLog>
      <ProjectId>aba750d4-ca96-4bd4-b432-a2eabf25d14e</ProjectId>
      <CorrelationId>Intent.MediatR.DomainEvents.DomainEventService</CorrelationId>
      <OverwriteBehaviour>always</OverwriteBehaviour>
      <ApplicationRelativeFilePath>../../CustomerBankingService.Infrastructure/Services/DomainEventService.cs</ApplicationRelativeFilePath>
      <ProjectRelativeFilePath>DomainEventService.cs</ProjectRelativeFilePath>
      <IsIgnored>false</IsIgnored>
    </FileLog>
    <FileLog>
      <ProjectId>8c6523d2-e21f-48da-94c5-9a89229356dd</ProjectId>
      <CorrelationId>Intent.Modules.Dapr.AspNetCore.Templates.StaticContentTemplateRegistrations.DaprComponentFilesStaticContentTemplateRegistration#dapr/components/pubsub.yaml</CorrelationId>
      <OverwriteBehaviour>once-off</OverwriteBehaviour>
      <ApplicationRelativeFilePath>../../dapr/components/pubsub.yaml</ApplicationRelativeFilePath>
      <ProjectRelativeFilePath>dapr/components/pubsub.yaml</ProjectRelativeFilePath>
      <IsIgnored>false</IsIgnored>
    </FileLog>
    <FileLog>
      <ProjectId>8c6523d2-e21f-48da-94c5-9a89229356dd</ProjectId>
      <CorrelationId>Intent.Modules.Dapr.AspNetCore.Templates.StaticContentTemplateRegistrations.DaprComponentFilesStaticContentTemplateRegistration#dapr/components/statestore.yaml</CorrelationId>
      <OverwriteBehaviour>once-off</OverwriteBehaviour>
      <ApplicationRelativeFilePath>../../dapr/components/statestore.yaml</ApplicationRelativeFilePath>
      <ProjectRelativeFilePath>dapr/components/statestore.yaml</ProjectRelativeFilePath>
      <IsIgnored>false</IsIgnored>
    </FileLog>
    <FileLog>
      <ProjectId>5306448e-d8b2-432d-8c5e-32be4be70619</ProjectId>
      <CorrelationId>Intent.Modules.Dapr.AspNetCore.Templates.StaticContentTemplateRegistrations.DaprFilesStaticContentTemplateRegistration#dapr/config.yaml</CorrelationId>
      <OverwriteBehaviour>once-off</OverwriteBehaviour>
      <ApplicationRelativeFilePath>../../dapr/config.yaml</ApplicationRelativeFilePath>
      <ProjectRelativeFilePath>dapr/config.yaml</ProjectRelativeFilePath>
      <IsIgnored>false</IsIgnored>
    </FileLog>
  </FileLogs>
</outputLog>